-------------------------------------------------------------------------------
Test set: TestSuite
-------------------------------------------------------------------------------
Tests run: 1, Failures: 1, Errors: 0, Skipped: 0, Time elapsed: 10.913 s <<< FAILURE! - in TestSuite
testRegUserPage(com.selenium_framework.RegUserTest)  Time elapsed: 5.781 s  <<< FAILURE!
java.lang.AssertionError: expected [ParaBank| Register for Free Online Account Access] but found [ParaBank | Register for Free Online Account Access]
	at com.selenium_framework.RegUserTest.testRegUserPage(RegUserTest.java:43)

