<?xml version="1.0" encoding="UTF-8"?>
<!-- Generated by org.testng.reporters.JUnitXMLReporter -->
<testsuite ignored="0" hostname="LAPTOP-AE85928Q" failures="1" tests="1" name="Test" time="9.764" errors="0" timestamp="2024-07-19T12:13:20 IST">
  <testcase classname="com.selenium_framework.RegUserTest" name="testRegUserPage" time="5.763">
    <failure type="java.lang.AssertionError" message="expected [ParaBank| Register for Free Online Account Access] but found [ParaBank | Register for Free Online Account Access]">
      <![CDATA[java.lang.AssertionError: expected [ParaBank| Register for Free Online Account Access] but found [ParaBank | Register for Free Online Account Access]
at com.selenium_framework.RegUserTest.testRegUserPage(RegUserTest.java:43)
at java.base/java.util.ArrayList.forEach(ArrayList.java:1597)
... Removed 35 stack frames]]>
    </failure>
  </testcase> <!-- testRegUserPage -->
</testsuite> <!-- Test -->
