2024-07-19 13:37:20 INFO  TestListener:31 - ------------------------------------Test Run Initiated------------------------------------
2024-07-19 13:37:20 INFO  DriverFactory:14 - ChromeDriver Path: D:\Testing\SeleniumFramework\msedgedriver.exe
2024-07-19 13:37:26 INFO  DriverFactory:17 - ChromeDriver initialized successfully.
2024-07-19 13:37:26 INFO  TestListener:11 - Test StartedtestRegUserPage
2024-07-19 13:37:26 INFO  TestListener:26 - Test skipped: testRegUserPage
2024-07-19 13:37:26 INFO  TestListener:36 - ------------------------------------Test Run Completed------------------------------------
2024-07-19 13:38:04 INFO  TestListener:31 - ------------------------------------Test Run Initiated------------------------------------
2024-07-19 13:38:04 INFO  DriverFactory:14 - ChromeDriver Path: D:\Testing\SeleniumFramework\msedgedriver.exe
2024-07-19 13:38:11 INFO  DriverFactory:17 - ChromeDriver initialized successfully.
2024-07-19 13:38:11 INFO  TestListener:11 - Test StartedtestRegUserPage
2024-07-19 13:38:11 INFO  TestListener:26 - Test skipped: testRegUserPage
2024-07-19 13:38:11 INFO  TestListener:36 - ------------------------------------Test Run Completed------------------------------------
2024-07-19 14:08:29 INFO  TestListener:31 - ------------------------------------Test Run Initiated------------------------------------
2024-07-19 14:08:29 INFO  DriverFactory:14 - ChromeDriver Path: D:\Testing\SeleniumFramework\msedgedriver.exe
2024-07-19 14:08:35 INFO  DriverFactory:17 - ChromeDriver initialized successfully.
2024-07-19 14:08:35 INFO  RegUserTest:29 - Driver setup completed.
2024-07-19 14:08:35 INFO  TestListener:11 - Test StartedtestRegUserPage
2024-07-19 14:08:35 INFO  RegUserTest:42 - Navigating to URL: https://parabank.parasoft.com/parabank/register.htm
2024-07-19 14:08:41 INFO  RegUserTest:47 - Title matched successfully
2024-07-19 14:08:41 ERROR RegUserTest:57 - Error during test execution: Illegal char <:> at index 50: target\screenshots\RestrationPageTest2024-07-19T14:08:29.421680600.png
java.nio.file.InvalidPathException: Illegal char <:> at index 50: target\screenshots\RestrationPageTest2024-07-19T14:08:29.421680600.png
	at sun.nio.fs.WindowsPathParser.normalize(WindowsPathParser.java:204) ~[?:?]
	at sun.nio.fs.WindowsPathParser.parse(WindowsPathParser.java:175) ~[?:?]
	at sun.nio.fs.WindowsPathParser.parse(WindowsPathParser.java:77) ~[?:?]
	at sun.nio.fs.WindowsPath.parse(WindowsPath.java:92) ~[?:?]
	at sun.nio.fs.WindowsFileSystem.getPath(WindowsFileSystem.java:231) ~[?:?]
	at java.io.File.toPath(File.java:2413) ~[?:?]
	at org.apache.commons.io.FileUtils.copyFile(FileUtils.java:850) ~[commons-io-2.11.0.jar:2.11.0]
	at org.apache.commons.io.FileUtils.copyFile(FileUtils.java:756) ~[commons-io-2.11.0.jar:2.11.0]
	at com.selenium_framework.UtilitiesPage.takeScreenshot(UtilitiesPage.java:69) ~[classes/:?]
	at com.selenium_framework.RegUserTest.testRegUserPage(RegUserTest.java:48) ~[test-classes/:?]
	at jdk.internal.reflect.DirectMethodHandleAccessor.invoke(DirectMethodHandleAccessor.java:103) ~[?:?]
	at java.lang.reflect.Method.invoke(Method.java:580) ~[?:?]
	at org.testng.internal.MethodInvocationHelper.invokeMethod(MethodInvocationHelper.java:133) ~[testng-7.4.0.jar:7.4.0]
	at org.testng.internal.TestInvoker.invokeMethod(TestInvoker.java:598) ~[testng-7.4.0.jar:7.4.0]
	at org.testng.internal.TestInvoker.invokeTestMethod(TestInvoker.java:173) ~[testng-7.4.0.jar:7.4.0]
	at org.testng.internal.MethodRunner.runInSequence(MethodRunner.java:46) ~[testng-7.4.0.jar:7.4.0]
	at org.testng.internal.TestInvoker$MethodInvocationAgent.invoke(TestInvoker.java:824) ~[testng-7.4.0.jar:7.4.0]
	at org.testng.internal.TestInvoker.invokeTestMethods(TestInvoker.java:146) ~[testng-7.4.0.jar:7.4.0]
	at org.testng.internal.TestMethodWorker.invokeTestMethods(TestMethodWorker.java:146) ~[testng-7.4.0.jar:7.4.0]
	at org.testng.internal.TestMethodWorker.run(TestMethodWorker.java:128) ~[testng-7.4.0.jar:7.4.0]
	at java.util.ArrayList.forEach(ArrayList.java:1597) [?:?]
	at org.testng.TestRunner.privateRun(TestRunner.java:794) [testng-7.4.0.jar:7.4.0]
	at org.testng.TestRunner.run(TestRunner.java:596) [testng-7.4.0.jar:7.4.0]
	at org.testng.SuiteRunner.runTest(SuiteRunner.java:377) [testng-7.4.0.jar:7.4.0]
	at org.testng.SuiteRunner.runSequentially(SuiteRunner.java:371) [testng-7.4.0.jar:7.4.0]
	at org.testng.SuiteRunner.privateRun(SuiteRunner.java:332) [testng-7.4.0.jar:7.4.0]
	at org.testng.SuiteRunner.run(SuiteRunner.java:276) [testng-7.4.0.jar:7.4.0]
	at org.testng.SuiteRunnerWorker.runSuite(SuiteRunnerWorker.java:53) [testng-7.4.0.jar:7.4.0]
	at org.testng.SuiteRunnerWorker.run(SuiteRunnerWorker.java:96) [testng-7.4.0.jar:7.4.0]
	at org.testng.TestNG.runSuitesSequentially(TestNG.java:1212) [testng-7.4.0.jar:7.4.0]
	at org.testng.TestNG.runSuitesLocally(TestNG.java:1134) [testng-7.4.0.jar:7.4.0]
	at org.testng.TestNG.runSuites(TestNG.java:1063) [testng-7.4.0.jar:7.4.0]
	at org.testng.TestNG.run(TestNG.java:1031) [testng-7.4.0.jar:7.4.0]
	at com.microsoft.java.test.runner.testng.TestNGRunner.run(TestNGRunner.java:45) [com.microsoft.java.test.runner-jar-with-dependencies.jar:?]
	at com.microsoft.java.test.runner.testng.TestNGLauncher.execute(TestNGLauncher.java:32) [com.microsoft.java.test.runner-jar-with-dependencies.jar:?]
	at com.microsoft.java.test.runner.Launcher.main(Launcher.java:57) [com.microsoft.java.test.runner-jar-with-dependencies.jar:?]
2024-07-19 14:08:41 INFO  TestListener:16 - Test passed: testRegUserPage
2024-07-19 14:08:41 INFO  RegUserTest:63 - Closing the browser
2024-07-19 14:08:43 INFO  TestListener:36 - ------------------------------------Test Run Completed------------------------------------
2024-07-19 14:12:39 INFO  TestListener:31 - ------------------------------------Test Run Initiated------------------------------------
2024-07-19 14:12:39 INFO  DriverFactory:14 - ChromeDriver Path: D:\Testing\SeleniumFramework\msedgedriver.exe
2024-07-19 14:12:45 INFO  DriverFactory:17 - ChromeDriver initialized successfully.
2024-07-19 14:12:45 INFO  RegUserTest:29 - Driver setup completed.
2024-07-19 14:12:45 INFO  TestListener:11 - Test StartedtestRegUserPage
2024-07-19 14:12:45 INFO  RegUserTest:42 - Navigating to URL: https://parabank.parasoft.com/parabank/register.htm
2024-07-19 14:12:50 INFO  RegUserTest:47 - Title matched successfully
2024-07-19 14:12:50 ERROR UtilitiesPage:71 - Error occured while taking screenshot
java.io.IOException: The filename, directory name, or volume label syntax is incorrect
	at java.io.WinNTFileSystem.canonicalize0(Native Method) ~[?:?]
	at java.io.WinNTFileSystem.canonicalize(WinNTFileSystem.java:496) ~[?:?]
	at java.io.File.getCanonicalPath(File.java:626) ~[?:?]
	at org.apache.commons.io.FileUtils.requireCanonicalPathsNotEquals(FileUtils.java:2601) ~[commons-io-2.11.0.jar:2.11.0]
	at org.apache.commons.io.FileUtils.copyFile(FileUtils.java:842) ~[commons-io-2.11.0.jar:2.11.0]
	at org.apache.commons.io.FileUtils.copyFile(FileUtils.java:756) ~[commons-io-2.11.0.jar:2.11.0]
	at com.selenium_framework.UtilitiesPage.takeScreenshot(UtilitiesPage.java:69) ~[classes/:?]
	at com.selenium_framework.RegUserTest.testRegUserPage(RegUserTest.java:48) ~[test-classes/:?]
	at jdk.internal.reflect.DirectMethodHandleAccessor.invoke(DirectMethodHandleAccessor.java:103) ~[?:?]
	at java.lang.reflect.Method.invoke(Method.java:580) ~[?:?]
	at org.testng.internal.MethodInvocationHelper.invokeMethod(MethodInvocationHelper.java:133) ~[testng-7.4.0.jar:7.4.0]
	at org.testng.internal.TestInvoker.invokeMethod(TestInvoker.java:598) ~[testng-7.4.0.jar:7.4.0]
	at org.testng.internal.TestInvoker.invokeTestMethod(TestInvoker.java:173) ~[testng-7.4.0.jar:7.4.0]
	at org.testng.internal.MethodRunner.runInSequence(MethodRunner.java:46) ~[testng-7.4.0.jar:7.4.0]
	at org.testng.internal.TestInvoker$MethodInvocationAgent.invoke(TestInvoker.java:824) ~[testng-7.4.0.jar:7.4.0]
	at org.testng.internal.TestInvoker.invokeTestMethods(TestInvoker.java:146) ~[testng-7.4.0.jar:7.4.0]
	at org.testng.internal.TestMethodWorker.invokeTestMethods(TestMethodWorker.java:146) ~[testng-7.4.0.jar:7.4.0]
	at org.testng.internal.TestMethodWorker.run(TestMethodWorker.java:128) ~[testng-7.4.0.jar:7.4.0]
	at java.util.ArrayList.forEach(ArrayList.java:1597) [?:?]
	at org.testng.TestRunner.privateRun(TestRunner.java:794) [testng-7.4.0.jar:7.4.0]
	at org.testng.TestRunner.run(TestRunner.java:596) [testng-7.4.0.jar:7.4.0]
	at org.testng.SuiteRunner.runTest(SuiteRunner.java:377) [testng-7.4.0.jar:7.4.0]
	at org.testng.SuiteRunner.runSequentially(SuiteRunner.java:371) [testng-7.4.0.jar:7.4.0]
	at org.testng.SuiteRunner.privateRun(SuiteRunner.java:332) [testng-7.4.0.jar:7.4.0]
	at org.testng.SuiteRunner.run(SuiteRunner.java:276) [testng-7.4.0.jar:7.4.0]
	at org.testng.SuiteRunnerWorker.runSuite(SuiteRunnerWorker.java:53) [testng-7.4.0.jar:7.4.0]
	at org.testng.SuiteRunnerWorker.run(SuiteRunnerWorker.java:96) [testng-7.4.0.jar:7.4.0]
	at org.testng.TestNG.runSuitesSequentially(TestNG.java:1212) [testng-7.4.0.jar:7.4.0]
	at org.testng.TestNG.runSuitesLocally(TestNG.java:1134) [testng-7.4.0.jar:7.4.0]
	at org.testng.TestNG.runSuites(TestNG.java:1063) [testng-7.4.0.jar:7.4.0]
	at org.testng.TestNG.run(TestNG.java:1031) [testng-7.4.0.jar:7.4.0]
	at com.microsoft.java.test.runner.testng.TestNGRunner.run(TestNGRunner.java:45) [com.microsoft.java.test.runner-jar-with-dependencies.jar:?]
	at com.microsoft.java.test.runner.testng.TestNGLauncher.execute(TestNGLauncher.java:32) [com.microsoft.java.test.runner-jar-with-dependencies.jar:?]
	at com.microsoft.java.test.runner.Launcher.main(Launcher.java:57) [com.microsoft.java.test.runner-jar-with-dependencies.jar:?]
2024-07-19 14:12:50 ERROR RegUserTest:57 - Error during test execution: The filename, directory name, or volume label syntax is incorrect
java.io.IOException: The filename, directory name, or volume label syntax is incorrect
	at java.io.WinNTFileSystem.canonicalize0(Native Method) ~[?:?]
	at java.io.WinNTFileSystem.canonicalize(WinNTFileSystem.java:496) ~[?:?]
	at java.io.File.getCanonicalPath(File.java:626) ~[?:?]
	at org.apache.commons.io.FileUtils.requireCanonicalPathsNotEquals(FileUtils.java:2601) ~[commons-io-2.11.0.jar:2.11.0]
	at org.apache.commons.io.FileUtils.copyFile(FileUtils.java:842) ~[commons-io-2.11.0.jar:2.11.0]
	at org.apache.commons.io.FileUtils.copyFile(FileUtils.java:756) ~[commons-io-2.11.0.jar:2.11.0]
	at com.selenium_framework.UtilitiesPage.takeScreenshot(UtilitiesPage.java:69) ~[classes/:?]
	at com.selenium_framework.RegUserTest.testRegUserPage(RegUserTest.java:48) ~[test-classes/:?]
	at jdk.internal.reflect.DirectMethodHandleAccessor.invoke(DirectMethodHandleAccessor.java:103) ~[?:?]
	at java.lang.reflect.Method.invoke(Method.java:580) ~[?:?]
	at org.testng.internal.MethodInvocationHelper.invokeMethod(MethodInvocationHelper.java:133) ~[testng-7.4.0.jar:7.4.0]
	at org.testng.internal.TestInvoker.invokeMethod(TestInvoker.java:598) ~[testng-7.4.0.jar:7.4.0]
	at org.testng.internal.TestInvoker.invokeTestMethod(TestInvoker.java:173) ~[testng-7.4.0.jar:7.4.0]
	at org.testng.internal.MethodRunner.runInSequence(MethodRunner.java:46) ~[testng-7.4.0.jar:7.4.0]
	at org.testng.internal.TestInvoker$MethodInvocationAgent.invoke(TestInvoker.java:824) ~[testng-7.4.0.jar:7.4.0]
	at org.testng.internal.TestInvoker.invokeTestMethods(TestInvoker.java:146) ~[testng-7.4.0.jar:7.4.0]
	at org.testng.internal.TestMethodWorker.invokeTestMethods(TestMethodWorker.java:146) ~[testng-7.4.0.jar:7.4.0]
	at org.testng.internal.TestMethodWorker.run(TestMethodWorker.java:128) ~[testng-7.4.0.jar:7.4.0]
	at java.util.ArrayList.forEach(ArrayList.java:1597) [?:?]
	at org.testng.TestRunner.privateRun(TestRunner.java:794) [testng-7.4.0.jar:7.4.0]
	at org.testng.TestRunner.run(TestRunner.java:596) [testng-7.4.0.jar:7.4.0]
	at org.testng.SuiteRunner.runTest(SuiteRunner.java:377) [testng-7.4.0.jar:7.4.0]
	at org.testng.SuiteRunner.runSequentially(SuiteRunner.java:371) [testng-7.4.0.jar:7.4.0]
	at org.testng.SuiteRunner.privateRun(SuiteRunner.java:332) [testng-7.4.0.jar:7.4.0]
	at org.testng.SuiteRunner.run(SuiteRunner.java:276) [testng-7.4.0.jar:7.4.0]
	at org.testng.SuiteRunnerWorker.runSuite(SuiteRunnerWorker.java:53) [testng-7.4.0.jar:7.4.0]
	at org.testng.SuiteRunnerWorker.run(SuiteRunnerWorker.java:96) [testng-7.4.0.jar:7.4.0]
	at org.testng.TestNG.runSuitesSequentially(TestNG.java:1212) [testng-7.4.0.jar:7.4.0]
	at org.testng.TestNG.runSuitesLocally(TestNG.java:1134) [testng-7.4.0.jar:7.4.0]
	at org.testng.TestNG.runSuites(TestNG.java:1063) [testng-7.4.0.jar:7.4.0]
	at org.testng.TestNG.run(TestNG.java:1031) [testng-7.4.0.jar:7.4.0]
	at com.microsoft.java.test.runner.testng.TestNGRunner.run(TestNGRunner.java:45) [com.microsoft.java.test.runner-jar-with-dependencies.jar:?]
	at com.microsoft.java.test.runner.testng.TestNGLauncher.execute(TestNGLauncher.java:32) [com.microsoft.java.test.runner-jar-with-dependencies.jar:?]
	at com.microsoft.java.test.runner.Launcher.main(Launcher.java:57) [com.microsoft.java.test.runner-jar-with-dependencies.jar:?]
2024-07-19 14:12:50 INFO  TestListener:16 - Test passed: testRegUserPage
2024-07-19 14:12:50 INFO  RegUserTest:63 - Closing the browser
2024-07-19 14:12:52 INFO  TestListener:36 - ------------------------------------Test Run Completed------------------------------------
2024-07-19 14:14:27 INFO  TestListener:31 - ------------------------------------Test Run Initiated------------------------------------
2024-07-19 14:14:27 INFO  DriverFactory:14 - ChromeDriver Path: D:\Testing\SeleniumFramework\msedgedriver.exe
2024-07-19 14:14:31 INFO  DriverFactory:17 - ChromeDriver initialized successfully.
2024-07-19 14:14:31 INFO  RegUserTest:29 - Driver setup completed.
2024-07-19 14:14:31 INFO  TestListener:11 - Test StartedtestRegUserPage
2024-07-19 14:14:31 INFO  RegUserTest:42 - Navigating to URL: https://parabank.parasoft.com/parabank/register.htm
2024-07-19 14:14:37 INFO  RegUserTest:47 - Title matched successfully
2024-07-19 14:14:37 ERROR UtilitiesPage:71 - Error occured while taking screenshot
java.io.IOException: The filename, directory name, or volume label syntax is incorrect
	at java.io.WinNTFileSystem.canonicalize0(Native Method) ~[?:?]
	at java.io.WinNTFileSystem.canonicalize(WinNTFileSystem.java:496) ~[?:?]
	at java.io.File.getCanonicalPath(File.java:626) ~[?:?]
	at org.apache.commons.io.FileUtils.requireCanonicalPathsNotEquals(FileUtils.java:2601) ~[commons-io-2.11.0.jar:2.11.0]
	at org.apache.commons.io.FileUtils.copyFile(FileUtils.java:842) ~[commons-io-2.11.0.jar:2.11.0]
	at org.apache.commons.io.FileUtils.copyFile(FileUtils.java:756) ~[commons-io-2.11.0.jar:2.11.0]
	at com.selenium_framework.UtilitiesPage.takeScreenshot(UtilitiesPage.java:69) ~[classes/:?]
	at com.selenium_framework.RegUserTest.testRegUserPage(RegUserTest.java:48) ~[test-classes/:?]
	at jdk.internal.reflect.DirectMethodHandleAccessor.invoke(DirectMethodHandleAccessor.java:103) ~[?:?]
	at java.lang.reflect.Method.invoke(Method.java:580) ~[?:?]
	at org.testng.internal.MethodInvocationHelper.invokeMethod(MethodInvocationHelper.java:133) ~[testng-7.4.0.jar:7.4.0]
	at org.testng.internal.TestInvoker.invokeMethod(TestInvoker.java:598) ~[testng-7.4.0.jar:7.4.0]
	at org.testng.internal.TestInvoker.invokeTestMethod(TestInvoker.java:173) ~[testng-7.4.0.jar:7.4.0]
	at org.testng.internal.MethodRunner.runInSequence(MethodRunner.java:46) ~[testng-7.4.0.jar:7.4.0]
	at org.testng.internal.TestInvoker$MethodInvocationAgent.invoke(TestInvoker.java:824) ~[testng-7.4.0.jar:7.4.0]
	at org.testng.internal.TestInvoker.invokeTestMethods(TestInvoker.java:146) ~[testng-7.4.0.jar:7.4.0]
	at org.testng.internal.TestMethodWorker.invokeTestMethods(TestMethodWorker.java:146) ~[testng-7.4.0.jar:7.4.0]
	at org.testng.internal.TestMethodWorker.run(TestMethodWorker.java:128) ~[testng-7.4.0.jar:7.4.0]
	at java.util.ArrayList.forEach(ArrayList.java:1597) [?:?]
	at org.testng.TestRunner.privateRun(TestRunner.java:794) [testng-7.4.0.jar:7.4.0]
	at org.testng.TestRunner.run(TestRunner.java:596) [testng-7.4.0.jar:7.4.0]
	at org.testng.SuiteRunner.runTest(SuiteRunner.java:377) [testng-7.4.0.jar:7.4.0]
	at org.testng.SuiteRunner.runSequentially(SuiteRunner.java:371) [testng-7.4.0.jar:7.4.0]
	at org.testng.SuiteRunner.privateRun(SuiteRunner.java:332) [testng-7.4.0.jar:7.4.0]
	at org.testng.SuiteRunner.run(SuiteRunner.java:276) [testng-7.4.0.jar:7.4.0]
	at org.testng.SuiteRunnerWorker.runSuite(SuiteRunnerWorker.java:53) [testng-7.4.0.jar:7.4.0]
	at org.testng.SuiteRunnerWorker.run(SuiteRunnerWorker.java:96) [testng-7.4.0.jar:7.4.0]
	at org.testng.TestNG.runSuitesSequentially(TestNG.java:1212) [testng-7.4.0.jar:7.4.0]
	at org.testng.TestNG.runSuitesLocally(TestNG.java:1134) [testng-7.4.0.jar:7.4.0]
	at org.testng.TestNG.runSuites(TestNG.java:1063) [testng-7.4.0.jar:7.4.0]
	at org.testng.TestNG.run(TestNG.java:1031) [testng-7.4.0.jar:7.4.0]
	at com.microsoft.java.test.runner.testng.TestNGRunner.run(TestNGRunner.java:45) [com.microsoft.java.test.runner-jar-with-dependencies.jar:?]
	at com.microsoft.java.test.runner.testng.TestNGLauncher.execute(TestNGLauncher.java:32) [com.microsoft.java.test.runner-jar-with-dependencies.jar:?]
	at com.microsoft.java.test.runner.Launcher.main(Launcher.java:57) [com.microsoft.java.test.runner-jar-with-dependencies.jar:?]
2024-07-19 14:14:37 ERROR RegUserTest:57 - Error during test execution: The filename, directory name, or volume label syntax is incorrect
java.io.IOException: The filename, directory name, or volume label syntax is incorrect
	at java.io.WinNTFileSystem.canonicalize0(Native Method) ~[?:?]
	at java.io.WinNTFileSystem.canonicalize(WinNTFileSystem.java:496) ~[?:?]
	at java.io.File.getCanonicalPath(File.java:626) ~[?:?]
	at org.apache.commons.io.FileUtils.requireCanonicalPathsNotEquals(FileUtils.java:2601) ~[commons-io-2.11.0.jar:2.11.0]
	at org.apache.commons.io.FileUtils.copyFile(FileUtils.java:842) ~[commons-io-2.11.0.jar:2.11.0]
	at org.apache.commons.io.FileUtils.copyFile(FileUtils.java:756) ~[commons-io-2.11.0.jar:2.11.0]
	at com.selenium_framework.UtilitiesPage.takeScreenshot(UtilitiesPage.java:69) ~[classes/:?]
	at com.selenium_framework.RegUserTest.testRegUserPage(RegUserTest.java:48) ~[test-classes/:?]
	at jdk.internal.reflect.DirectMethodHandleAccessor.invoke(DirectMethodHandleAccessor.java:103) ~[?:?]
	at java.lang.reflect.Method.invoke(Method.java:580) ~[?:?]
	at org.testng.internal.MethodInvocationHelper.invokeMethod(MethodInvocationHelper.java:133) ~[testng-7.4.0.jar:7.4.0]
	at org.testng.internal.TestInvoker.invokeMethod(TestInvoker.java:598) ~[testng-7.4.0.jar:7.4.0]
	at org.testng.internal.TestInvoker.invokeTestMethod(TestInvoker.java:173) ~[testng-7.4.0.jar:7.4.0]
	at org.testng.internal.MethodRunner.runInSequence(MethodRunner.java:46) ~[testng-7.4.0.jar:7.4.0]
	at org.testng.internal.TestInvoker$MethodInvocationAgent.invoke(TestInvoker.java:824) ~[testng-7.4.0.jar:7.4.0]
	at org.testng.internal.TestInvoker.invokeTestMethods(TestInvoker.java:146) ~[testng-7.4.0.jar:7.4.0]
	at org.testng.internal.TestMethodWorker.invokeTestMethods(TestMethodWorker.java:146) ~[testng-7.4.0.jar:7.4.0]
	at org.testng.internal.TestMethodWorker.run(TestMethodWorker.java:128) ~[testng-7.4.0.jar:7.4.0]
	at java.util.ArrayList.forEach(ArrayList.java:1597) [?:?]
	at org.testng.TestRunner.privateRun(TestRunner.java:794) [testng-7.4.0.jar:7.4.0]
	at org.testng.TestRunner.run(TestRunner.java:596) [testng-7.4.0.jar:7.4.0]
	at org.testng.SuiteRunner.runTest(SuiteRunner.java:377) [testng-7.4.0.jar:7.4.0]
	at org.testng.SuiteRunner.runSequentially(SuiteRunner.java:371) [testng-7.4.0.jar:7.4.0]
	at org.testng.SuiteRunner.privateRun(SuiteRunner.java:332) [testng-7.4.0.jar:7.4.0]
	at org.testng.SuiteRunner.run(SuiteRunner.java:276) [testng-7.4.0.jar:7.4.0]
	at org.testng.SuiteRunnerWorker.runSuite(SuiteRunnerWorker.java:53) [testng-7.4.0.jar:7.4.0]
	at org.testng.SuiteRunnerWorker.run(SuiteRunnerWorker.java:96) [testng-7.4.0.jar:7.4.0]
	at org.testng.TestNG.runSuitesSequentially(TestNG.java:1212) [testng-7.4.0.jar:7.4.0]
	at org.testng.TestNG.runSuitesLocally(TestNG.java:1134) [testng-7.4.0.jar:7.4.0]
	at org.testng.TestNG.runSuites(TestNG.java:1063) [testng-7.4.0.jar:7.4.0]
	at org.testng.TestNG.run(TestNG.java:1031) [testng-7.4.0.jar:7.4.0]
	at com.microsoft.java.test.runner.testng.TestNGRunner.run(TestNGRunner.java:45) [com.microsoft.java.test.runner-jar-with-dependencies.jar:?]
	at com.microsoft.java.test.runner.testng.TestNGLauncher.execute(TestNGLauncher.java:32) [com.microsoft.java.test.runner-jar-with-dependencies.jar:?]
	at com.microsoft.java.test.runner.Launcher.main(Launcher.java:57) [com.microsoft.java.test.runner-jar-with-dependencies.jar:?]
2024-07-19 14:14:37 INFO  TestListener:16 - Test passed: testRegUserPage
2024-07-19 14:14:37 INFO  RegUserTest:63 - Closing the browser
2024-07-19 14:14:38 INFO  TestListener:36 - ------------------------------------Test Run Completed------------------------------------
2024-07-19 14:15:15 INFO  TestListener:31 - ------------------------------------Test Run Initiated------------------------------------
2024-07-19 14:15:15 INFO  DriverFactory:14 - ChromeDriver Path: D:\Testing\SeleniumFramework\msedgedriver.exe
2024-07-19 14:15:19 INFO  DriverFactory:17 - ChromeDriver initialized successfully.
2024-07-19 14:15:19 INFO  RegUserTest:29 - Driver setup completed.
2024-07-19 14:15:19 INFO  TestListener:11 - Test StartedtestRegUserPage
2024-07-19 14:15:19 INFO  RegUserTest:42 - Navigating to URL: https://parabank.parasoft.com/parabank/register.htm
2024-07-19 14:15:24 INFO  RegUserTest:47 - Title matched successfully
2024-07-19 14:15:24 ERROR RegUserTest:57 - Error during test execution: Illegal char <:> at index 50: target\screenshots\RestrationPageTest2024-07-19T14:15:15.279131200.png
java.nio.file.InvalidPathException: Illegal char <:> at index 50: target\screenshots\RestrationPageTest2024-07-19T14:15:15.279131200.png
	at sun.nio.fs.WindowsPathParser.normalize(WindowsPathParser.java:204) ~[?:?]
	at sun.nio.fs.WindowsPathParser.parse(WindowsPathParser.java:175) ~[?:?]
	at sun.nio.fs.WindowsPathParser.parse(WindowsPathParser.java:77) ~[?:?]
	at sun.nio.fs.WindowsPath.parse(WindowsPath.java:92) ~[?:?]
	at sun.nio.fs.WindowsFileSystem.getPath(WindowsFileSystem.java:231) ~[?:?]
	at java.io.File.toPath(File.java:2413) ~[?:?]
	at org.apache.commons.io.FileUtils.copyFile(FileUtils.java:850) ~[commons-io-2.11.0.jar:2.11.0]
	at org.apache.commons.io.FileUtils.copyFile(FileUtils.java:756) ~[commons-io-2.11.0.jar:2.11.0]
	at com.selenium_framework.UtilitiesPage.takeScreenshot(UtilitiesPage.java:69) ~[classes/:?]
	at com.selenium_framework.RegUserTest.testRegUserPage(RegUserTest.java:48) ~[test-classes/:?]
	at jdk.internal.reflect.DirectMethodHandleAccessor.invoke(DirectMethodHandleAccessor.java:103) ~[?:?]
	at java.lang.reflect.Method.invoke(Method.java:580) ~[?:?]
	at org.testng.internal.MethodInvocationHelper.invokeMethod(MethodInvocationHelper.java:133) ~[testng-7.4.0.jar:7.4.0]
	at org.testng.internal.TestInvoker.invokeMethod(TestInvoker.java:598) ~[testng-7.4.0.jar:7.4.0]
	at org.testng.internal.TestInvoker.invokeTestMethod(TestInvoker.java:173) ~[testng-7.4.0.jar:7.4.0]
	at org.testng.internal.MethodRunner.runInSequence(MethodRunner.java:46) ~[testng-7.4.0.jar:7.4.0]
	at org.testng.internal.TestInvoker$MethodInvocationAgent.invoke(TestInvoker.java:824) ~[testng-7.4.0.jar:7.4.0]
	at org.testng.internal.TestInvoker.invokeTestMethods(TestInvoker.java:146) ~[testng-7.4.0.jar:7.4.0]
	at org.testng.internal.TestMethodWorker.invokeTestMethods(TestMethodWorker.java:146) ~[testng-7.4.0.jar:7.4.0]
	at org.testng.internal.TestMethodWorker.run(TestMethodWorker.java:128) ~[testng-7.4.0.jar:7.4.0]
	at java.util.ArrayList.forEach(ArrayList.java:1597) [?:?]
	at org.testng.TestRunner.privateRun(TestRunner.java:794) [testng-7.4.0.jar:7.4.0]
	at org.testng.TestRunner.run(TestRunner.java:596) [testng-7.4.0.jar:7.4.0]
	at org.testng.SuiteRunner.runTest(SuiteRunner.java:377) [testng-7.4.0.jar:7.4.0]
	at org.testng.SuiteRunner.runSequentially(SuiteRunner.java:371) [testng-7.4.0.jar:7.4.0]
	at org.testng.SuiteRunner.privateRun(SuiteRunner.java:332) [testng-7.4.0.jar:7.4.0]
	at org.testng.SuiteRunner.run(SuiteRunner.java:276) [testng-7.4.0.jar:7.4.0]
	at org.testng.SuiteRunnerWorker.runSuite(SuiteRunnerWorker.java:53) [testng-7.4.0.jar:7.4.0]
	at org.testng.SuiteRunnerWorker.run(SuiteRunnerWorker.java:96) [testng-7.4.0.jar:7.4.0]
	at org.testng.TestNG.runSuitesSequentially(TestNG.java:1212) [testng-7.4.0.jar:7.4.0]
	at org.testng.TestNG.runSuitesLocally(TestNG.java:1134) [testng-7.4.0.jar:7.4.0]
	at org.testng.TestNG.runSuites(TestNG.java:1063) [testng-7.4.0.jar:7.4.0]
	at org.testng.TestNG.run(TestNG.java:1031) [testng-7.4.0.jar:7.4.0]
	at org.apache.maven.surefire.testng.TestNGExecutor.run(TestNGExecutor.java:283) [surefire-testng-2.22.2.jar:2.22.2]
	at org.apache.maven.surefire.testng.TestNGXmlTestSuite.execute(TestNGXmlTestSuite.java:75) [surefire-testng-2.22.2.jar:2.22.2]
	at org.apache.maven.surefire.testng.TestNGProvider.invoke(TestNGProvider.java:120) [surefire-testng-2.22.2.jar:2.22.2]
	at org.apache.maven.surefire.booter.ForkedBooter.invokeProviderInSameClassLoader(ForkedBooter.java:384) [surefire-booter-2.22.2.jar:2.22.2]
	at org.apache.maven.surefire.booter.ForkedBooter.runSuitesInProcess(ForkedBooter.java:345) [surefire-booter-2.22.2.jar:2.22.2]
	at org.apache.maven.surefire.booter.ForkedBooter.execute(ForkedBooter.java:126) [surefire-booter-2.22.2.jar:2.22.2]
	at org.apache.maven.surefire.booter.ForkedBooter.main(ForkedBooter.java:418) [surefire-booter-2.22.2.jar:2.22.2]
2024-07-19 14:15:24 INFO  TestListener:16 - Test passed: testRegUserPage
2024-07-19 14:15:24 INFO  RegUserTest:63 - Closing the browser
2024-07-19 14:15:25 INFO  TestListener:36 - ------------------------------------Test Run Completed------------------------------------
2024-07-19 14:16:29 INFO  TestListener:31 - ------------------------------------Test Run Initiated------------------------------------
2024-07-19 14:16:29 INFO  DriverFactory:14 - ChromeDriver Path: D:\Testing\SeleniumFramework\msedgedriver.exe
2024-07-19 14:16:33 INFO  DriverFactory:17 - ChromeDriver initialized successfully.
2024-07-19 14:16:33 INFO  RegUserTest:29 - Driver setup completed.
2024-07-19 14:16:33 INFO  TestListener:11 - Test StartedtestRegUserPage
2024-07-19 14:16:33 INFO  RegUserTest:42 - Navigating to URL: https://parabank.parasoft.com/parabank/register.htm
2024-07-19 14:16:38 INFO  RegUserTest:47 - Title matched successfully
2024-07-19 14:16:39 ERROR UtilitiesPage:71 - Error occured while taking screenshot
java.io.IOException: The filename, directory name, or volume label syntax is incorrect
	at java.io.WinNTFileSystem.canonicalize0(Native Method) ~[?:?]
	at java.io.WinNTFileSystem.canonicalize(WinNTFileSystem.java:496) ~[?:?]
	at java.io.File.getCanonicalPath(File.java:626) ~[?:?]
	at org.apache.commons.io.FileUtils.requireCanonicalPathsNotEquals(FileUtils.java:2601) ~[commons-io-2.11.0.jar:2.11.0]
	at org.apache.commons.io.FileUtils.copyFile(FileUtils.java:842) ~[commons-io-2.11.0.jar:2.11.0]
	at org.apache.commons.io.FileUtils.copyFile(FileUtils.java:756) ~[commons-io-2.11.0.jar:2.11.0]
	at com.selenium_framework.UtilitiesPage.takeScreenshot(UtilitiesPage.java:69) ~[classes/:?]
	at com.selenium_framework.RegUserTest.testRegUserPage(RegUserTest.java:48) ~[test-classes/:?]
	at jdk.internal.reflect.DirectMethodHandleAccessor.invoke(DirectMethodHandleAccessor.java:103) ~[?:?]
	at java.lang.reflect.Method.invoke(Method.java:580) ~[?:?]
	at org.testng.internal.MethodInvocationHelper.invokeMethod(MethodInvocationHelper.java:133) ~[testng-7.4.0.jar:7.4.0]
	at org.testng.internal.TestInvoker.invokeMethod(TestInvoker.java:598) ~[testng-7.4.0.jar:7.4.0]
	at org.testng.internal.TestInvoker.invokeTestMethod(TestInvoker.java:173) ~[testng-7.4.0.jar:7.4.0]
	at org.testng.internal.MethodRunner.runInSequence(MethodRunner.java:46) ~[testng-7.4.0.jar:7.4.0]
	at org.testng.internal.TestInvoker$MethodInvocationAgent.invoke(TestInvoker.java:824) ~[testng-7.4.0.jar:7.4.0]
	at org.testng.internal.TestInvoker.invokeTestMethods(TestInvoker.java:146) ~[testng-7.4.0.jar:7.4.0]
	at org.testng.internal.TestMethodWorker.invokeTestMethods(TestMethodWorker.java:146) ~[testng-7.4.0.jar:7.4.0]
	at org.testng.internal.TestMethodWorker.run(TestMethodWorker.java:128) ~[testng-7.4.0.jar:7.4.0]
	at java.util.ArrayList.forEach(ArrayList.java:1597) [?:?]
	at org.testng.TestRunner.privateRun(TestRunner.java:794) [testng-7.4.0.jar:7.4.0]
	at org.testng.TestRunner.run(TestRunner.java:596) [testng-7.4.0.jar:7.4.0]
	at org.testng.SuiteRunner.runTest(SuiteRunner.java:377) [testng-7.4.0.jar:7.4.0]
	at org.testng.SuiteRunner.runSequentially(SuiteRunner.java:371) [testng-7.4.0.jar:7.4.0]
	at org.testng.SuiteRunner.privateRun(SuiteRunner.java:332) [testng-7.4.0.jar:7.4.0]
	at org.testng.SuiteRunner.run(SuiteRunner.java:276) [testng-7.4.0.jar:7.4.0]
	at org.testng.SuiteRunnerWorker.runSuite(SuiteRunnerWorker.java:53) [testng-7.4.0.jar:7.4.0]
	at org.testng.SuiteRunnerWorker.run(SuiteRunnerWorker.java:96) [testng-7.4.0.jar:7.4.0]
	at org.testng.TestNG.runSuitesSequentially(TestNG.java:1212) [testng-7.4.0.jar:7.4.0]
	at org.testng.TestNG.runSuitesLocally(TestNG.java:1134) [testng-7.4.0.jar:7.4.0]
	at org.testng.TestNG.runSuites(TestNG.java:1063) [testng-7.4.0.jar:7.4.0]
	at org.testng.TestNG.run(TestNG.java:1031) [testng-7.4.0.jar:7.4.0]
	at com.microsoft.java.test.runner.testng.TestNGRunner.run(TestNGRunner.java:45) [com.microsoft.java.test.runner-jar-with-dependencies.jar:?]
	at com.microsoft.java.test.runner.testng.TestNGLauncher.execute(TestNGLauncher.java:32) [com.microsoft.java.test.runner-jar-with-dependencies.jar:?]
	at com.microsoft.java.test.runner.Launcher.main(Launcher.java:57) [com.microsoft.java.test.runner-jar-with-dependencies.jar:?]
2024-07-19 14:16:39 ERROR RegUserTest:57 - Error during test execution: The filename, directory name, or volume label syntax is incorrect
java.io.IOException: The filename, directory name, or volume label syntax is incorrect
	at java.io.WinNTFileSystem.canonicalize0(Native Method) ~[?:?]
	at java.io.WinNTFileSystem.canonicalize(WinNTFileSystem.java:496) ~[?:?]
	at java.io.File.getCanonicalPath(File.java:626) ~[?:?]
	at org.apache.commons.io.FileUtils.requireCanonicalPathsNotEquals(FileUtils.java:2601) ~[commons-io-2.11.0.jar:2.11.0]
	at org.apache.commons.io.FileUtils.copyFile(FileUtils.java:842) ~[commons-io-2.11.0.jar:2.11.0]
	at org.apache.commons.io.FileUtils.copyFile(FileUtils.java:756) ~[commons-io-2.11.0.jar:2.11.0]
	at com.selenium_framework.UtilitiesPage.takeScreenshot(UtilitiesPage.java:69) ~[classes/:?]
	at com.selenium_framework.RegUserTest.testRegUserPage(RegUserTest.java:48) ~[test-classes/:?]
	at jdk.internal.reflect.DirectMethodHandleAccessor.invoke(DirectMethodHandleAccessor.java:103) ~[?:?]
	at java.lang.reflect.Method.invoke(Method.java:580) ~[?:?]
	at org.testng.internal.MethodInvocationHelper.invokeMethod(MethodInvocationHelper.java:133) ~[testng-7.4.0.jar:7.4.0]
	at org.testng.internal.TestInvoker.invokeMethod(TestInvoker.java:598) ~[testng-7.4.0.jar:7.4.0]
	at org.testng.internal.TestInvoker.invokeTestMethod(TestInvoker.java:173) ~[testng-7.4.0.jar:7.4.0]
	at org.testng.internal.MethodRunner.runInSequence(MethodRunner.java:46) ~[testng-7.4.0.jar:7.4.0]
	at org.testng.internal.TestInvoker$MethodInvocationAgent.invoke(TestInvoker.java:824) ~[testng-7.4.0.jar:7.4.0]
	at org.testng.internal.TestInvoker.invokeTestMethods(TestInvoker.java:146) ~[testng-7.4.0.jar:7.4.0]
	at org.testng.internal.TestMethodWorker.invokeTestMethods(TestMethodWorker.java:146) ~[testng-7.4.0.jar:7.4.0]
	at org.testng.internal.TestMethodWorker.run(TestMethodWorker.java:128) ~[testng-7.4.0.jar:7.4.0]
	at java.util.ArrayList.forEach(ArrayList.java:1597) [?:?]
	at org.testng.TestRunner.privateRun(TestRunner.java:794) [testng-7.4.0.jar:7.4.0]
	at org.testng.TestRunner.run(TestRunner.java:596) [testng-7.4.0.jar:7.4.0]
	at org.testng.SuiteRunner.runTest(SuiteRunner.java:377) [testng-7.4.0.jar:7.4.0]
	at org.testng.SuiteRunner.runSequentially(SuiteRunner.java:371) [testng-7.4.0.jar:7.4.0]
	at org.testng.SuiteRunner.privateRun(SuiteRunner.java:332) [testng-7.4.0.jar:7.4.0]
	at org.testng.SuiteRunner.run(SuiteRunner.java:276) [testng-7.4.0.jar:7.4.0]
	at org.testng.SuiteRunnerWorker.runSuite(SuiteRunnerWorker.java:53) [testng-7.4.0.jar:7.4.0]
	at org.testng.SuiteRunnerWorker.run(SuiteRunnerWorker.java:96) [testng-7.4.0.jar:7.4.0]
	at org.testng.TestNG.runSuitesSequentially(TestNG.java:1212) [testng-7.4.0.jar:7.4.0]
	at org.testng.TestNG.runSuitesLocally(TestNG.java:1134) [testng-7.4.0.jar:7.4.0]
	at org.testng.TestNG.runSuites(TestNG.java:1063) [testng-7.4.0.jar:7.4.0]
	at org.testng.TestNG.run(TestNG.java:1031) [testng-7.4.0.jar:7.4.0]
	at com.microsoft.java.test.runner.testng.TestNGRunner.run(TestNGRunner.java:45) [com.microsoft.java.test.runner-jar-with-dependencies.jar:?]
	at com.microsoft.java.test.runner.testng.TestNGLauncher.execute(TestNGLauncher.java:32) [com.microsoft.java.test.runner-jar-with-dependencies.jar:?]
	at com.microsoft.java.test.runner.Launcher.main(Launcher.java:57) [com.microsoft.java.test.runner-jar-with-dependencies.jar:?]
2024-07-19 14:16:39 INFO  TestListener:16 - Test passed: testRegUserPage
2024-07-19 14:16:39 INFO  RegUserTest:63 - Closing the browser
2024-07-19 14:16:40 INFO  TestListener:36 - ------------------------------------Test Run Completed------------------------------------
2024-07-19 14:16:55 INFO  TestListener:31 - ------------------------------------Test Run Initiated------------------------------------
2024-07-19 14:16:55 INFO  DriverFactory:14 - ChromeDriver Path: D:\Testing\SeleniumFramework\msedgedriver.exe
2024-07-19 14:16:58 INFO  DriverFactory:17 - ChromeDriver initialized successfully.
2024-07-19 14:16:58 INFO  RegUserTest:29 - Driver setup completed.
2024-07-19 14:16:58 INFO  TestListener:11 - Test StartedtestRegUserPage
2024-07-19 14:16:58 INFO  RegUserTest:42 - Navigating to URL: https://parabank.parasoft.com/parabank/register.htm
2024-07-19 14:17:02 INFO  RegUserTest:47 - Title matched successfully
2024-07-19 14:17:03 ERROR UtilitiesPage:72 - Error occured while taking screenshot
java.io.IOException: The filename, directory name, or volume label syntax is incorrect
	at java.io.WinNTFileSystem.canonicalize0(Native Method) ~[?:?]
	at java.io.WinNTFileSystem.canonicalize(WinNTFileSystem.java:496) ~[?:?]
	at java.io.File.getCanonicalPath(File.java:626) ~[?:?]
	at org.apache.commons.io.FileUtils.requireCanonicalPathsNotEquals(FileUtils.java:2601) ~[commons-io-2.11.0.jar:2.11.0]
	at org.apache.commons.io.FileUtils.copyFile(FileUtils.java:842) ~[commons-io-2.11.0.jar:2.11.0]
	at org.apache.commons.io.FileUtils.copyFile(FileUtils.java:756) ~[commons-io-2.11.0.jar:2.11.0]
	at com.selenium_framework.UtilitiesPage.takeScreenshot(UtilitiesPage.java:70) ~[classes/:?]
	at com.selenium_framework.RegUserTest.testRegUserPage(RegUserTest.java:48) ~[test-classes/:?]
	at jdk.internal.reflect.DirectMethodHandleAccessor.invoke(DirectMethodHandleAccessor.java:103) ~[?:?]
	at java.lang.reflect.Method.invoke(Method.java:580) ~[?:?]
	at org.testng.internal.MethodInvocationHelper.invokeMethod(MethodInvocationHelper.java:133) ~[testng-7.4.0.jar:7.4.0]
	at org.testng.internal.TestInvoker.invokeMethod(TestInvoker.java:598) ~[testng-7.4.0.jar:7.4.0]
	at org.testng.internal.TestInvoker.invokeTestMethod(TestInvoker.java:173) ~[testng-7.4.0.jar:7.4.0]
	at org.testng.internal.MethodRunner.runInSequence(MethodRunner.java:46) ~[testng-7.4.0.jar:7.4.0]
	at org.testng.internal.TestInvoker$MethodInvocationAgent.invoke(TestInvoker.java:824) ~[testng-7.4.0.jar:7.4.0]
	at org.testng.internal.TestInvoker.invokeTestMethods(TestInvoker.java:146) ~[testng-7.4.0.jar:7.4.0]
	at org.testng.internal.TestMethodWorker.invokeTestMethods(TestMethodWorker.java:146) ~[testng-7.4.0.jar:7.4.0]
	at org.testng.internal.TestMethodWorker.run(TestMethodWorker.java:128) ~[testng-7.4.0.jar:7.4.0]
	at java.util.ArrayList.forEach(ArrayList.java:1597) [?:?]
	at org.testng.TestRunner.privateRun(TestRunner.java:794) [testng-7.4.0.jar:7.4.0]
	at org.testng.TestRunner.run(TestRunner.java:596) [testng-7.4.0.jar:7.4.0]
	at org.testng.SuiteRunner.runTest(SuiteRunner.java:377) [testng-7.4.0.jar:7.4.0]
	at org.testng.SuiteRunner.runSequentially(SuiteRunner.java:371) [testng-7.4.0.jar:7.4.0]
	at org.testng.SuiteRunner.privateRun(SuiteRunner.java:332) [testng-7.4.0.jar:7.4.0]
	at org.testng.SuiteRunner.run(SuiteRunner.java:276) [testng-7.4.0.jar:7.4.0]
	at org.testng.SuiteRunnerWorker.runSuite(SuiteRunnerWorker.java:53) [testng-7.4.0.jar:7.4.0]
	at org.testng.SuiteRunnerWorker.run(SuiteRunnerWorker.java:96) [testng-7.4.0.jar:7.4.0]
	at org.testng.TestNG.runSuitesSequentially(TestNG.java:1212) [testng-7.4.0.jar:7.4.0]
	at org.testng.TestNG.runSuitesLocally(TestNG.java:1134) [testng-7.4.0.jar:7.4.0]
	at org.testng.TestNG.runSuites(TestNG.java:1063) [testng-7.4.0.jar:7.4.0]
	at org.testng.TestNG.run(TestNG.java:1031) [testng-7.4.0.jar:7.4.0]
	at com.microsoft.java.test.runner.testng.TestNGRunner.run(TestNGRunner.java:45) [com.microsoft.java.test.runner-jar-with-dependencies.jar:?]
	at com.microsoft.java.test.runner.testng.TestNGLauncher.execute(TestNGLauncher.java:32) [com.microsoft.java.test.runner-jar-with-dependencies.jar:?]
	at com.microsoft.java.test.runner.Launcher.main(Launcher.java:57) [com.microsoft.java.test.runner-jar-with-dependencies.jar:?]
2024-07-19 14:17:03 ERROR RegUserTest:57 - Error during test execution: The filename, directory name, or volume label syntax is incorrect
java.io.IOException: The filename, directory name, or volume label syntax is incorrect
	at java.io.WinNTFileSystem.canonicalize0(Native Method) ~[?:?]
	at java.io.WinNTFileSystem.canonicalize(WinNTFileSystem.java:496) ~[?:?]
	at java.io.File.getCanonicalPath(File.java:626) ~[?:?]
	at org.apache.commons.io.FileUtils.requireCanonicalPathsNotEquals(FileUtils.java:2601) ~[commons-io-2.11.0.jar:2.11.0]
	at org.apache.commons.io.FileUtils.copyFile(FileUtils.java:842) ~[commons-io-2.11.0.jar:2.11.0]
	at org.apache.commons.io.FileUtils.copyFile(FileUtils.java:756) ~[commons-io-2.11.0.jar:2.11.0]
	at com.selenium_framework.UtilitiesPage.takeScreenshot(UtilitiesPage.java:70) ~[classes/:?]
	at com.selenium_framework.RegUserTest.testRegUserPage(RegUserTest.java:48) ~[test-classes/:?]
	at jdk.internal.reflect.DirectMethodHandleAccessor.invoke(DirectMethodHandleAccessor.java:103) ~[?:?]
	at java.lang.reflect.Method.invoke(Method.java:580) ~[?:?]
	at org.testng.internal.MethodInvocationHelper.invokeMethod(MethodInvocationHelper.java:133) ~[testng-7.4.0.jar:7.4.0]
	at org.testng.internal.TestInvoker.invokeMethod(TestInvoker.java:598) ~[testng-7.4.0.jar:7.4.0]
	at org.testng.internal.TestInvoker.invokeTestMethod(TestInvoker.java:173) ~[testng-7.4.0.jar:7.4.0]
	at org.testng.internal.MethodRunner.runInSequence(MethodRunner.java:46) ~[testng-7.4.0.jar:7.4.0]
	at org.testng.internal.TestInvoker$MethodInvocationAgent.invoke(TestInvoker.java:824) ~[testng-7.4.0.jar:7.4.0]
	at org.testng.internal.TestInvoker.invokeTestMethods(TestInvoker.java:146) ~[testng-7.4.0.jar:7.4.0]
	at org.testng.internal.TestMethodWorker.invokeTestMethods(TestMethodWorker.java:146) ~[testng-7.4.0.jar:7.4.0]
	at org.testng.internal.TestMethodWorker.run(TestMethodWorker.java:128) ~[testng-7.4.0.jar:7.4.0]
	at java.util.ArrayList.forEach(ArrayList.java:1597) [?:?]
	at org.testng.TestRunner.privateRun(TestRunner.java:794) [testng-7.4.0.jar:7.4.0]
	at org.testng.TestRunner.run(TestRunner.java:596) [testng-7.4.0.jar:7.4.0]
	at org.testng.SuiteRunner.runTest(SuiteRunner.java:377) [testng-7.4.0.jar:7.4.0]
	at org.testng.SuiteRunner.runSequentially(SuiteRunner.java:371) [testng-7.4.0.jar:7.4.0]
	at org.testng.SuiteRunner.privateRun(SuiteRunner.java:332) [testng-7.4.0.jar:7.4.0]
	at org.testng.SuiteRunner.run(SuiteRunner.java:276) [testng-7.4.0.jar:7.4.0]
	at org.testng.SuiteRunnerWorker.runSuite(SuiteRunnerWorker.java:53) [testng-7.4.0.jar:7.4.0]
	at org.testng.SuiteRunnerWorker.run(SuiteRunnerWorker.java:96) [testng-7.4.0.jar:7.4.0]
	at org.testng.TestNG.runSuitesSequentially(TestNG.java:1212) [testng-7.4.0.jar:7.4.0]
	at org.testng.TestNG.runSuitesLocally(TestNG.java:1134) [testng-7.4.0.jar:7.4.0]
	at org.testng.TestNG.runSuites(TestNG.java:1063) [testng-7.4.0.jar:7.4.0]
	at org.testng.TestNG.run(TestNG.java:1031) [testng-7.4.0.jar:7.4.0]
	at com.microsoft.java.test.runner.testng.TestNGRunner.run(TestNGRunner.java:45) [com.microsoft.java.test.runner-jar-with-dependencies.jar:?]
	at com.microsoft.java.test.runner.testng.TestNGLauncher.execute(TestNGLauncher.java:32) [com.microsoft.java.test.runner-jar-with-dependencies.jar:?]
	at com.microsoft.java.test.runner.Launcher.main(Launcher.java:57) [com.microsoft.java.test.runner-jar-with-dependencies.jar:?]
2024-07-19 14:17:03 INFO  TestListener:16 - Test passed: testRegUserPage
2024-07-19 14:17:03 INFO  RegUserTest:63 - Closing the browser
2024-07-19 14:17:04 INFO  TestListener:36 - ------------------------------------Test Run Completed------------------------------------
2024-07-19 14:20:17 INFO  TestListener:31 - ------------------------------------Test Run Initiated------------------------------------
2024-07-19 14:20:17 INFO  DriverFactory:14 - ChromeDriver Path: D:\Testing\SeleniumFramework\msedgedriver.exe
2024-07-19 14:20:21 INFO  DriverFactory:17 - ChromeDriver initialized successfully.
2024-07-19 14:20:21 INFO  RegUserTest:29 - Driver setup completed.
2024-07-19 14:20:21 INFO  TestListener:11 - Test StartedtestRegUserPage
2024-07-19 14:20:22 INFO  RegUserTest:42 - Navigating to URL: https://parabank.parasoft.com/parabank/register.htm
2024-07-19 14:20:27 INFO  RegUserTest:47 - Title matched successfully
2024-07-19 14:20:28 ERROR RegUserTest:57 - Error during test execution: Illegal char <:> at index 50: target\screenshots\RestrationPageTest2024-07-19T14:20:17.976262500.png
java.nio.file.InvalidPathException: Illegal char <:> at index 50: target\screenshots\RestrationPageTest2024-07-19T14:20:17.976262500.png
	at sun.nio.fs.WindowsPathParser.normalize(WindowsPathParser.java:204) ~[?:?]
	at sun.nio.fs.WindowsPathParser.parse(WindowsPathParser.java:175) ~[?:?]
	at sun.nio.fs.WindowsPathParser.parse(WindowsPathParser.java:77) ~[?:?]
	at sun.nio.fs.WindowsPath.parse(WindowsPath.java:92) ~[?:?]
	at sun.nio.fs.WindowsFileSystem.getPath(WindowsFileSystem.java:231) ~[?:?]
	at java.io.File.toPath(File.java:2413) ~[?:?]
	at org.apache.commons.io.FileUtils.copyFile(FileUtils.java:850) ~[commons-io-2.11.0.jar:2.11.0]
	at org.apache.commons.io.FileUtils.copyFile(FileUtils.java:756) ~[commons-io-2.11.0.jar:2.11.0]
	at com.selenium_framework.UtilitiesPage.takeScreenshot(UtilitiesPage.java:69) ~[classes/:?]
	at com.selenium_framework.RegUserTest.testRegUserPage(RegUserTest.java:48) ~[test-classes/:?]
	at jdk.internal.reflect.DirectMethodHandleAccessor.invoke(DirectMethodHandleAccessor.java:103) ~[?:?]
	at java.lang.reflect.Method.invoke(Method.java:580) ~[?:?]
	at org.testng.internal.MethodInvocationHelper.invokeMethod(MethodInvocationHelper.java:133) ~[testng-7.4.0.jar:7.4.0]
	at org.testng.internal.TestInvoker.invokeMethod(TestInvoker.java:598) ~[testng-7.4.0.jar:7.4.0]
	at org.testng.internal.TestInvoker.invokeTestMethod(TestInvoker.java:173) ~[testng-7.4.0.jar:7.4.0]
	at org.testng.internal.MethodRunner.runInSequence(MethodRunner.java:46) ~[testng-7.4.0.jar:7.4.0]
	at org.testng.internal.TestInvoker$MethodInvocationAgent.invoke(TestInvoker.java:824) ~[testng-7.4.0.jar:7.4.0]
	at org.testng.internal.TestInvoker.invokeTestMethods(TestInvoker.java:146) ~[testng-7.4.0.jar:7.4.0]
	at org.testng.internal.TestMethodWorker.invokeTestMethods(TestMethodWorker.java:146) ~[testng-7.4.0.jar:7.4.0]
	at org.testng.internal.TestMethodWorker.run(TestMethodWorker.java:128) ~[testng-7.4.0.jar:7.4.0]
	at java.util.ArrayList.forEach(ArrayList.java:1597) [?:?]
	at org.testng.TestRunner.privateRun(TestRunner.java:794) [testng-7.4.0.jar:7.4.0]
	at org.testng.TestRunner.run(TestRunner.java:596) [testng-7.4.0.jar:7.4.0]
	at org.testng.SuiteRunner.runTest(SuiteRunner.java:377) [testng-7.4.0.jar:7.4.0]
	at org.testng.SuiteRunner.runSequentially(SuiteRunner.java:371) [testng-7.4.0.jar:7.4.0]
	at org.testng.SuiteRunner.privateRun(SuiteRunner.java:332) [testng-7.4.0.jar:7.4.0]
	at org.testng.SuiteRunner.run(SuiteRunner.java:276) [testng-7.4.0.jar:7.4.0]
	at org.testng.SuiteRunnerWorker.runSuite(SuiteRunnerWorker.java:53) [testng-7.4.0.jar:7.4.0]
	at org.testng.SuiteRunnerWorker.run(SuiteRunnerWorker.java:96) [testng-7.4.0.jar:7.4.0]
	at org.testng.TestNG.runSuitesSequentially(TestNG.java:1212) [testng-7.4.0.jar:7.4.0]
	at org.testng.TestNG.runSuitesLocally(TestNG.java:1134) [testng-7.4.0.jar:7.4.0]
	at org.testng.TestNG.runSuites(TestNG.java:1063) [testng-7.4.0.jar:7.4.0]
	at org.testng.TestNG.run(TestNG.java:1031) [testng-7.4.0.jar:7.4.0]
	at com.microsoft.java.test.runner.testng.TestNGRunner.run(TestNGRunner.java:45) [com.microsoft.java.test.runner-jar-with-dependencies.jar:?]
	at com.microsoft.java.test.runner.testng.TestNGLauncher.execute(TestNGLauncher.java:32) [com.microsoft.java.test.runner-jar-with-dependencies.jar:?]
	at com.microsoft.java.test.runner.Launcher.main(Launcher.java:57) [com.microsoft.java.test.runner-jar-with-dependencies.jar:?]
2024-07-19 14:20:28 INFO  TestListener:16 - Test passed: testRegUserPage
2024-07-19 14:20:28 INFO  RegUserTest:63 - Closing the browser
2024-07-19 14:20:29 INFO  TestListener:36 - ------------------------------------Test Run Completed------------------------------------
2024-07-19 14:25:08 INFO  TestListener:31 - ------------------------------------Test Run Initiated------------------------------------
2024-07-19 14:25:08 INFO  DriverFactory:14 - ChromeDriver Path: D:\Testing\SeleniumFramework\msedgedriver.exe
2024-07-19 14:25:12 INFO  DriverFactory:17 - ChromeDriver initialized successfully.
2024-07-19 14:25:12 INFO  RegUserTest:29 - Driver setup completed.
2024-07-19 14:25:12 INFO  TestListener:11 - Test StartedtestRegUserPage
2024-07-19 14:25:12 INFO  RegUserTest:42 - Navigating to URL: https://parabank.parasoft.com/parabank/register.htm
2024-07-19 14:25:15 INFO  RegUserTest:47 - Title matched successfully
2024-07-19 14:25:16 INFO  RegUserTest:49 - Screenshot taken successfully
2024-07-19 14:25:16 INFO  TestListener:16 - Test passed: testRegUserPage
2024-07-19 14:25:16 INFO  RegUserTest:63 - Closing the browser
2024-07-19 14:25:17 INFO  TestListener:36 - ------------------------------------Test Run Completed------------------------------------
2024-07-19 14:26:25 INFO  TestListener:31 - ------------------------------------Test Run Initiated------------------------------------
2024-07-19 14:26:25 INFO  DriverFactory:14 - ChromeDriver Path: D:\Testing\SeleniumFramework\msedgedriver.exe
2024-07-19 14:26:29 INFO  DriverFactory:17 - ChromeDriver initialized successfully.
2024-07-19 14:26:29 INFO  RegUserTest:29 - Driver setup completed.
2024-07-19 14:26:29 INFO  TestListener:11 - Test StartedtestRegUserPage
2024-07-19 14:26:29 INFO  RegUserTest:42 - Navigating to URL: https://parabank.parasoft.com/parabank/register.htm
2024-07-19 14:26:34 INFO  RegUserTest:47 - Title matched successfully
2024-07-19 14:26:35 INFO  RegUserTest:49 - Screenshot taken successfully
2024-07-19 14:26:35 INFO  TestListener:16 - Test passed: testRegUserPage
2024-07-19 14:26:35 INFO  RegUserTest:63 - Closing the browser
2024-07-19 14:26:36 INFO  TestListener:36 - ------------------------------------Test Run Completed------------------------------------
2024-07-19 14:37:00 INFO  TestListener:31 - ------------------------------------Test Run Initiated------------------------------------
2024-07-19 14:37:00 INFO  DriverFactory:14 - ChromeDriver Path: D:\Testing\SeleniumFramework\new\src\main\resources\msedgedriver.exe
2024-07-19 14:37:04 INFO  DriverFactory:17 - ChromeDriver initialized successfully.
2024-07-19 14:37:04 INFO  RegUserTest:29 - Driver setup completed.
2024-07-19 14:37:04 INFO  TestListener:11 - Test StartedtestRegUserPage
2024-07-19 14:37:04 INFO  RegUserTest:42 - Navigating to URL: https://parabank.parasoft.com/parabank/register.htm
2024-07-19 14:37:07 INFO  RegUserTest:47 - Title matched successfully
2024-07-19 14:37:07 INFO  RegUserTest:49 - Screenshot taken successfully
2024-07-19 14:37:07 INFO  TestListener:16 - Test passed: testRegUserPage
2024-07-19 14:37:07 INFO  RegUserTest:63 - Closing the browser
2024-07-19 14:37:08 INFO  TestListener:36 - ------------------------------------Test Run Completed------------------------------------
2024-07-19 16:08:56 INFO  TestListener:31 - ------------------------------------Test Run Initiated------------------------------------
2024-07-19 16:08:56 INFO  DriverFactory:15 - ChromeDriver Path: D:\Testing\SeleniumFramework\new\src\main\resources\msedgedriver.exe
2024-07-19 16:09:00 INFO  DriverFactory:18 - ChromeDriver initialized successfully.
2024-07-19 16:09:00 INFO  RegUserTest:27 - Driver setup completed.
2024-07-19 16:09:00 INFO  TestListener:11 - Test StartedtestCreateNewUser
2024-07-19 16:09:01 INFO  TestListener:21 - Test failed: testCreateNewUser
2024-07-19 16:09:01 INFO  TestListener:36 - ------------------------------------Test Run Completed------------------------------------
2024-07-19 16:10:48 INFO  TestListener:31 - ------------------------------------Test Run Initiated------------------------------------
2024-07-19 16:10:48 INFO  DriverFactory:15 - ChromeDriver Path: D:\Testing\SeleniumFramework\new\src\main\resources\msedgedriver.exe
2024-07-19 16:12:17 INFO  DriverFactory:18 - ChromeDriver initialized successfully.
2024-07-19 16:12:36 INFO  RegUserTest:27 - Driver setup completed.
2024-07-19 16:13:33 INFO  TestListener:11 - Test StartedtestCreateNewUser
2024-07-19 16:16:34 INFO  TestListener:21 - Test failed: testCreateNewUser
2024-07-19 17:30:02 INFO  TestListener:31 - ------------------------------------Test Run Initiated------------------------------------
2024-07-19 17:30:02 INFO  DriverFactory:15 - ChromeDriver Path: D:\Testing\SeleniumFramework\new\src\main\resources\msedgedriver.exe
2024-07-19 17:30:10 INFO  DriverFactory:18 - ChromeDriver initialized successfully.
2024-07-19 17:30:10 INFO  RegUserTest:27 - Driver setup completed.
2024-07-19 17:30:10 INFO  TestListener:11 - Test StartedtestCreateNewUser
2024-07-19 17:30:11 INFO  TestListener:21 - Test failed: testCreateNewUser
2024-07-19 17:30:11 INFO  TestListener:36 - ------------------------------------Test Run Completed------------------------------------
2024-07-19 17:36:33 INFO  TestListener:31 - ------------------------------------Test Run Initiated------------------------------------
2024-07-19 17:36:33 INFO  DriverFactory:15 - ChromeDriver Path: D:\Testing\SeleniumFramework\new\src\main\resources\msedgedriver.exe
2024-07-19 17:36:39 INFO  DriverFactory:18 - ChromeDriver initialized successfully.
2024-07-19 17:36:39 INFO  RegUserTest:27 - Driver setup completed.
2024-07-19 17:36:39 INFO  TestListener:11 - Test StartedtestCreateNewUser
2024-07-19 17:36:40 INFO  TestListener:21 - Test failed: testCreateNewUser
2024-07-19 17:36:40 INFO  TestListener:36 - ------------------------------------Test Run Completed------------------------------------
2024-07-19 17:40:04 INFO  TestListener:31 - ------------------------------------Test Run Initiated------------------------------------
2024-07-19 17:40:04 INFO  DriverFactory:15 - ChromeDriver Path: D:\Testing\SeleniumFramework\new\src\main\resources\msedgedriver.exe
2024-07-19 17:40:11 INFO  DriverFactory:18 - ChromeDriver initialized successfully.
2024-07-19 17:40:11 INFO  RegUserTest:27 - Driver setup completed.
2024-07-19 17:40:11 INFO  TestListener:11 - Test StartedtestCreateNewUser
2024-07-19 17:40:12 INFO  TestListener:21 - Test failed: testCreateNewUser
2024-07-19 17:40:12 INFO  TestListener:36 - ------------------------------------Test Run Completed------------------------------------
2024-07-19 20:38:39 INFO  TestListener:31 - ------------------------------------Test Run Initiated------------------------------------
2024-07-19 20:38:39 INFO  DriverFactory:15 - ChromeDriver Path: D:\Testing\SeleniumFramework\new\src\main\resources\msedgedriver.exe
2024-07-19 20:38:46 INFO  DriverFactory:18 - ChromeDriver initialized successfully.
2024-07-19 20:38:46 INFO  RegUserTest:27 - Driver setup completed.
2024-07-19 20:38:47 INFO  TestListener:11 - Test StartedtestRegUserPage
2024-07-19 20:38:47 INFO  RegUserTest:40 - Navigating to URL: https://parabank.parasoft.com/parabank/register.htm
2024-07-19 20:38:53 ERROR RegUserTest:49 - Title did not match.
java.lang.AssertionError: expected [ParaBank | Register for Free Online Account Access] but found [Customer Login]
	at org.testng.Assert.fail(Assert.java:99) ~[testng-7.4.0.jar:7.4.0]
	at org.testng.Assert.failNotEquals(Assert.java:1037) ~[testng-7.4.0.jar:7.4.0]
	at org.testng.Assert.assertEqualsImpl(Assert.java:140) ~[testng-7.4.0.jar:7.4.0]
	at org.testng.Assert.assertEquals(Assert.java:122) ~[testng-7.4.0.jar:7.4.0]
	at org.testng.Assert.assertEquals(Assert.java:629) ~[testng-7.4.0.jar:7.4.0]
	at org.testng.Assert.assertEquals(Assert.java:639) ~[testng-7.4.0.jar:7.4.0]
	at com.selenium_framework.RegUserTest.testRegUserPage(RegUserTest.java:44) ~[test-classes/:?]
	at jdk.internal.reflect.DirectMethodHandleAccessor.invoke(DirectMethodHandleAccessor.java:103) ~[?:?]
	at java.lang.reflect.Method.invoke(Method.java:580) ~[?:?]
	at org.testng.internal.MethodInvocationHelper.invokeMethod(MethodInvocationHelper.java:133) ~[testng-7.4.0.jar:7.4.0]
	at org.testng.internal.TestInvoker.invokeMethod(TestInvoker.java:598) ~[testng-7.4.0.jar:7.4.0]
	at org.testng.internal.TestInvoker.invokeTestMethod(TestInvoker.java:173) ~[testng-7.4.0.jar:7.4.0]
	at org.testng.internal.MethodRunner.runInSequence(MethodRunner.java:46) ~[testng-7.4.0.jar:7.4.0]
	at org.testng.internal.TestInvoker$MethodInvocationAgent.invoke(TestInvoker.java:824) ~[testng-7.4.0.jar:7.4.0]
	at org.testng.internal.TestInvoker.invokeTestMethods(TestInvoker.java:146) ~[testng-7.4.0.jar:7.4.0]
	at org.testng.internal.TestMethodWorker.invokeTestMethods(TestMethodWorker.java:146) ~[testng-7.4.0.jar:7.4.0]
	at org.testng.internal.TestMethodWorker.run(TestMethodWorker.java:128) ~[testng-7.4.0.jar:7.4.0]
	at java.util.ArrayList.forEach(ArrayList.java:1597) [?:?]
	at org.testng.TestRunner.privateRun(TestRunner.java:794) [testng-7.4.0.jar:7.4.0]
	at org.testng.TestRunner.run(TestRunner.java:596) [testng-7.4.0.jar:7.4.0]
	at org.testng.SuiteRunner.runTest(SuiteRunner.java:377) [testng-7.4.0.jar:7.4.0]
	at org.testng.SuiteRunner.runSequentially(SuiteRunner.java:371) [testng-7.4.0.jar:7.4.0]
	at org.testng.SuiteRunner.privateRun(SuiteRunner.java:332) [testng-7.4.0.jar:7.4.0]
	at org.testng.SuiteRunner.run(SuiteRunner.java:276) [testng-7.4.0.jar:7.4.0]
	at org.testng.SuiteRunnerWorker.runSuite(SuiteRunnerWorker.java:53) [testng-7.4.0.jar:7.4.0]
	at org.testng.SuiteRunnerWorker.run(SuiteRunnerWorker.java:96) [testng-7.4.0.jar:7.4.0]
	at org.testng.TestNG.runSuitesSequentially(TestNG.java:1212) [testng-7.4.0.jar:7.4.0]
	at org.testng.TestNG.runSuitesLocally(TestNG.java:1134) [testng-7.4.0.jar:7.4.0]
	at org.testng.TestNG.runSuites(TestNG.java:1063) [testng-7.4.0.jar:7.4.0]
	at org.testng.TestNG.run(TestNG.java:1031) [testng-7.4.0.jar:7.4.0]
	at com.microsoft.java.test.runner.testng.TestNGRunner.run(TestNGRunner.java:45) [com.microsoft.java.test.runner-jar-with-dependencies.jar:?]
	at com.microsoft.java.test.runner.testng.TestNGLauncher.execute(TestNGLauncher.java:32) [com.microsoft.java.test.runner-jar-with-dependencies.jar:?]
	at com.microsoft.java.test.runner.Launcher.main(Launcher.java:57) [com.microsoft.java.test.runner-jar-with-dependencies.jar:?]
2024-07-19 20:38:53 INFO  TestListener:21 - Test failed: testRegUserPage
2024-07-19 20:38:53 INFO  TestListener:36 - ------------------------------------Test Run Completed------------------------------------
2024-07-19 20:39:40 INFO  TestListener:31 - ------------------------------------Test Run Initiated------------------------------------
2024-07-19 20:39:40 INFO  DriverFactory:15 - ChromeDriver Path: D:\Testing\SeleniumFramework\new\src\main\resources\msedgedriver.exe
2024-07-19 20:39:46 INFO  DriverFactory:18 - ChromeDriver initialized successfully.
2024-07-19 20:39:46 INFO  RegUserTest:27 - Driver setup completed.
2024-07-19 20:39:46 INFO  TestListener:11 - Test StartedtestRegUserPage
2024-07-19 20:39:46 INFO  RegUserTest:40 - Navigating to URL: https://parabank.parasoft.com/parabank/register.htm
2024-07-19 20:39:53 INFO  RegUserTest:45 - Title matched successfully
2024-07-19 20:39:53 ERROR RegUserTest:55 - Error during test execution: Cannot invoke "org.openqa.selenium.TakesScreenshot.getScreenshotAs(org.openqa.selenium.OutputType)" because "this.driver" is null
java.lang.NullPointerException: Cannot invoke "org.openqa.selenium.TakesScreenshot.getScreenshotAs(org.openqa.selenium.OutputType)" because "this.driver" is null
	at com.selenium_framework.UtilitiesPage.takeScreenshot(UtilitiesPage.java:66) ~[classes/:?]
	at com.selenium_framework.RegUserTest.testRegUserPage(RegUserTest.java:46) ~[test-classes/:?]
	at jdk.internal.reflect.DirectMethodHandleAccessor.invoke(DirectMethodHandleAccessor.java:103) ~[?:?]
	at java.lang.reflect.Method.invoke(Method.java:580) ~[?:?]
	at org.testng.internal.MethodInvocationHelper.invokeMethod(MethodInvocationHelper.java:133) ~[testng-7.4.0.jar:7.4.0]
	at org.testng.internal.TestInvoker.invokeMethod(TestInvoker.java:598) ~[testng-7.4.0.jar:7.4.0]
	at org.testng.internal.TestInvoker.invokeTestMethod(TestInvoker.java:173) ~[testng-7.4.0.jar:7.4.0]
	at org.testng.internal.MethodRunner.runInSequence(MethodRunner.java:46) ~[testng-7.4.0.jar:7.4.0]
	at org.testng.internal.TestInvoker$MethodInvocationAgent.invoke(TestInvoker.java:824) ~[testng-7.4.0.jar:7.4.0]
	at org.testng.internal.TestInvoker.invokeTestMethods(TestInvoker.java:146) ~[testng-7.4.0.jar:7.4.0]
	at org.testng.internal.TestMethodWorker.invokeTestMethods(TestMethodWorker.java:146) ~[testng-7.4.0.jar:7.4.0]
	at org.testng.internal.TestMethodWorker.run(TestMethodWorker.java:128) ~[testng-7.4.0.jar:7.4.0]
	at java.util.ArrayList.forEach(ArrayList.java:1597) [?:?]
	at org.testng.TestRunner.privateRun(TestRunner.java:794) [testng-7.4.0.jar:7.4.0]
	at org.testng.TestRunner.run(TestRunner.java:596) [testng-7.4.0.jar:7.4.0]
	at org.testng.SuiteRunner.runTest(SuiteRunner.java:377) [testng-7.4.0.jar:7.4.0]
	at org.testng.SuiteRunner.runSequentially(SuiteRunner.java:371) [testng-7.4.0.jar:7.4.0]
	at org.testng.SuiteRunner.privateRun(SuiteRunner.java:332) [testng-7.4.0.jar:7.4.0]
	at org.testng.SuiteRunner.run(SuiteRunner.java:276) [testng-7.4.0.jar:7.4.0]
	at org.testng.SuiteRunnerWorker.runSuite(SuiteRunnerWorker.java:53) [testng-7.4.0.jar:7.4.0]
	at org.testng.SuiteRunnerWorker.run(SuiteRunnerWorker.java:96) [testng-7.4.0.jar:7.4.0]
	at org.testng.TestNG.runSuitesSequentially(TestNG.java:1212) [testng-7.4.0.jar:7.4.0]
	at org.testng.TestNG.runSuitesLocally(TestNG.java:1134) [testng-7.4.0.jar:7.4.0]
	at org.testng.TestNG.runSuites(TestNG.java:1063) [testng-7.4.0.jar:7.4.0]
	at org.testng.TestNG.run(TestNG.java:1031) [testng-7.4.0.jar:7.4.0]
	at com.microsoft.java.test.runner.testng.TestNGRunner.run(TestNGRunner.java:45) [com.microsoft.java.test.runner-jar-with-dependencies.jar:?]
	at com.microsoft.java.test.runner.testng.TestNGLauncher.execute(TestNGLauncher.java:32) [com.microsoft.java.test.runner-jar-with-dependencies.jar:?]
	at com.microsoft.java.test.runner.Launcher.main(Launcher.java:57) [com.microsoft.java.test.runner-jar-with-dependencies.jar:?]
2024-07-19 20:39:53 INFO  TestListener:16 - Test passed: testRegUserPage
2024-07-19 20:39:53 INFO  TestListener:36 - ------------------------------------Test Run Completed------------------------------------
2024-07-19 20:41:27 INFO  TestListener:31 - ------------------------------------Test Run Initiated------------------------------------
2024-07-19 20:41:27 INFO  DriverFactory:15 - ChromeDriver Path: D:\Testing\SeleniumFramework\new\src\main\resources\msedgedriver.exe
2024-07-19 20:41:34 INFO  DriverFactory:18 - ChromeDriver initialized successfully.
2024-07-19 20:41:34 INFO  RegUserTest:27 - Driver setup completed.
2024-07-19 20:41:34 INFO  TestListener:11 - Test StartedtestRegUserPage
2024-07-19 20:41:34 INFO  RegUserTest:40 - Navigating to URL: https://parabank.parasoft.com/parabank/register.htm
2024-07-19 20:41:42 INFO  RegUserTest:45 - Title matched successfully
2024-07-19 20:41:42 ERROR RegUserTest:55 - Error during test execution: Cannot invoke "org.openqa.selenium.TakesScreenshot.getScreenshotAs(org.openqa.selenium.OutputType)" because "this.driver" is null
java.lang.NullPointerException: Cannot invoke "org.openqa.selenium.TakesScreenshot.getScreenshotAs(org.openqa.selenium.OutputType)" because "this.driver" is null
	at com.selenium_framework.UtilitiesPage.takeScreenshot(UtilitiesPage.java:66) ~[classes/:?]
	at com.selenium_framework.RegUserTest.testRegUserPage(RegUserTest.java:46) ~[test-classes/:?]
	at jdk.internal.reflect.DirectMethodHandleAccessor.invoke(DirectMethodHandleAccessor.java:103) ~[?:?]
	at java.lang.reflect.Method.invoke(Method.java:580) ~[?:?]
	at org.testng.internal.MethodInvocationHelper.invokeMethod(MethodInvocationHelper.java:133) ~[testng-7.4.0.jar:7.4.0]
	at org.testng.internal.TestInvoker.invokeMethod(TestInvoker.java:598) ~[testng-7.4.0.jar:7.4.0]
	at org.testng.internal.TestInvoker.invokeTestMethod(TestInvoker.java:173) ~[testng-7.4.0.jar:7.4.0]
	at org.testng.internal.MethodRunner.runInSequence(MethodRunner.java:46) ~[testng-7.4.0.jar:7.4.0]
	at org.testng.internal.TestInvoker$MethodInvocationAgent.invoke(TestInvoker.java:824) ~[testng-7.4.0.jar:7.4.0]
	at org.testng.internal.TestInvoker.invokeTestMethods(TestInvoker.java:146) ~[testng-7.4.0.jar:7.4.0]
	at org.testng.internal.TestMethodWorker.invokeTestMethods(TestMethodWorker.java:146) ~[testng-7.4.0.jar:7.4.0]
	at org.testng.internal.TestMethodWorker.run(TestMethodWorker.java:128) ~[testng-7.4.0.jar:7.4.0]
	at java.util.ArrayList.forEach(ArrayList.java:1597) [?:?]
	at org.testng.TestRunner.privateRun(TestRunner.java:794) [testng-7.4.0.jar:7.4.0]
	at org.testng.TestRunner.run(TestRunner.java:596) [testng-7.4.0.jar:7.4.0]
	at org.testng.SuiteRunner.runTest(SuiteRunner.java:377) [testng-7.4.0.jar:7.4.0]
	at org.testng.SuiteRunner.runSequentially(SuiteRunner.java:371) [testng-7.4.0.jar:7.4.0]
	at org.testng.SuiteRunner.privateRun(SuiteRunner.java:332) [testng-7.4.0.jar:7.4.0]
	at org.testng.SuiteRunner.run(SuiteRunner.java:276) [testng-7.4.0.jar:7.4.0]
	at org.testng.SuiteRunnerWorker.runSuite(SuiteRunnerWorker.java:53) [testng-7.4.0.jar:7.4.0]
	at org.testng.SuiteRunnerWorker.run(SuiteRunnerWorker.java:96) [testng-7.4.0.jar:7.4.0]
	at org.testng.TestNG.runSuitesSequentially(TestNG.java:1212) [testng-7.4.0.jar:7.4.0]
	at org.testng.TestNG.runSuitesLocally(TestNG.java:1134) [testng-7.4.0.jar:7.4.0]
	at org.testng.TestNG.runSuites(TestNG.java:1063) [testng-7.4.0.jar:7.4.0]
	at org.testng.TestNG.run(TestNG.java:1031) [testng-7.4.0.jar:7.4.0]
	at com.microsoft.java.test.runner.testng.TestNGRunner.run(TestNGRunner.java:45) [com.microsoft.java.test.runner-jar-with-dependencies.jar:?]
	at com.microsoft.java.test.runner.testng.TestNGLauncher.execute(TestNGLauncher.java:32) [com.microsoft.java.test.runner-jar-with-dependencies.jar:?]
	at com.microsoft.java.test.runner.Launcher.main(Launcher.java:57) [com.microsoft.java.test.runner-jar-with-dependencies.jar:?]
2024-07-19 20:41:42 INFO  TestListener:16 - Test passed: testRegUserPage
2024-07-19 20:41:42 INFO  TestListener:36 - ------------------------------------Test Run Completed------------------------------------
2024-07-19 20:43:00 INFO  TestListener:31 - ------------------------------------Test Run Initiated------------------------------------
2024-07-19 20:43:00 INFO  DriverFactory:15 - ChromeDriver Path: D:\Testing\SeleniumFramework\new\src\main\resources\msedgedriver.exe
2024-07-19 20:43:06 INFO  DriverFactory:18 - ChromeDriver initialized successfully.
2024-07-19 20:43:06 INFO  RegUserTest:27 - Driver setup completed.
2024-07-19 20:43:06 INFO  TestListener:11 - Test StartedtestRegUserPage
2024-07-19 20:43:06 INFO  RegUserTest:40 - Navigating to URL: https://parabank.parasoft.com/parabank/register.htm
2024-07-19 20:43:20 INFO  RegUserTest:45 - Title matched successfully
2024-07-19 20:43:20 ERROR RegUserTest:55 - Error during test execution: Cannot invoke "org.openqa.selenium.TakesScreenshot.getScreenshotAs(org.openqa.selenium.OutputType)" because "this.driver" is null
java.lang.NullPointerException: Cannot invoke "org.openqa.selenium.TakesScreenshot.getScreenshotAs(org.openqa.selenium.OutputType)" because "this.driver" is null
	at com.selenium_framework.UtilitiesPage.takeScreenshot(UtilitiesPage.java:66) ~[classes/:?]
	at com.selenium_framework.RegUserTest.testRegUserPage(RegUserTest.java:46) ~[test-classes/:?]
	at jdk.internal.reflect.DirectMethodHandleAccessor.invoke(DirectMethodHandleAccessor.java:103) ~[?:?]
	at java.lang.reflect.Method.invoke(Method.java:580) ~[?:?]
	at org.testng.internal.MethodInvocationHelper.invokeMethod(MethodInvocationHelper.java:133) ~[testng-7.4.0.jar:7.4.0]
	at org.testng.internal.TestInvoker.invokeMethod(TestInvoker.java:598) ~[testng-7.4.0.jar:7.4.0]
	at org.testng.internal.TestInvoker.invokeTestMethod(TestInvoker.java:173) ~[testng-7.4.0.jar:7.4.0]
	at org.testng.internal.MethodRunner.runInSequence(MethodRunner.java:46) ~[testng-7.4.0.jar:7.4.0]
	at org.testng.internal.TestInvoker$MethodInvocationAgent.invoke(TestInvoker.java:824) ~[testng-7.4.0.jar:7.4.0]
	at org.testng.internal.TestInvoker.invokeTestMethods(TestInvoker.java:146) ~[testng-7.4.0.jar:7.4.0]
	at org.testng.internal.TestMethodWorker.invokeTestMethods(TestMethodWorker.java:146) ~[testng-7.4.0.jar:7.4.0]
	at org.testng.internal.TestMethodWorker.run(TestMethodWorker.java:128) ~[testng-7.4.0.jar:7.4.0]
	at java.util.ArrayList.forEach(ArrayList.java:1597) [?:?]
	at org.testng.TestRunner.privateRun(TestRunner.java:794) [testng-7.4.0.jar:7.4.0]
	at org.testng.TestRunner.run(TestRunner.java:596) [testng-7.4.0.jar:7.4.0]
	at org.testng.SuiteRunner.runTest(SuiteRunner.java:377) [testng-7.4.0.jar:7.4.0]
	at org.testng.SuiteRunner.runSequentially(SuiteRunner.java:371) [testng-7.4.0.jar:7.4.0]
	at org.testng.SuiteRunner.privateRun(SuiteRunner.java:332) [testng-7.4.0.jar:7.4.0]
	at org.testng.SuiteRunner.run(SuiteRunner.java:276) [testng-7.4.0.jar:7.4.0]
	at org.testng.SuiteRunnerWorker.runSuite(SuiteRunnerWorker.java:53) [testng-7.4.0.jar:7.4.0]
	at org.testng.SuiteRunnerWorker.run(SuiteRunnerWorker.java:96) [testng-7.4.0.jar:7.4.0]
	at org.testng.TestNG.runSuitesSequentially(TestNG.java:1212) [testng-7.4.0.jar:7.4.0]
	at org.testng.TestNG.runSuitesLocally(TestNG.java:1134) [testng-7.4.0.jar:7.4.0]
	at org.testng.TestNG.runSuites(TestNG.java:1063) [testng-7.4.0.jar:7.4.0]
	at org.testng.TestNG.run(TestNG.java:1031) [testng-7.4.0.jar:7.4.0]
	at org.apache.maven.surefire.testng.TestNGExecutor.run(TestNGExecutor.java:283) [surefire-testng-2.22.2.jar:2.22.2]
	at org.apache.maven.surefire.testng.TestNGXmlTestSuite.execute(TestNGXmlTestSuite.java:75) [surefire-testng-2.22.2.jar:2.22.2]
	at org.apache.maven.surefire.testng.TestNGProvider.invoke(TestNGProvider.java:120) [surefire-testng-2.22.2.jar:2.22.2]
	at org.apache.maven.surefire.booter.ForkedBooter.invokeProviderInSameClassLoader(ForkedBooter.java:384) [surefire-booter-2.22.2.jar:2.22.2]
	at org.apache.maven.surefire.booter.ForkedBooter.runSuitesInProcess(ForkedBooter.java:345) [surefire-booter-2.22.2.jar:2.22.2]
	at org.apache.maven.surefire.booter.ForkedBooter.execute(ForkedBooter.java:126) [surefire-booter-2.22.2.jar:2.22.2]
	at org.apache.maven.surefire.booter.ForkedBooter.main(ForkedBooter.java:418) [surefire-booter-2.22.2.jar:2.22.2]
2024-07-19 20:43:20 INFO  TestListener:16 - Test passed: testRegUserPage
2024-07-19 20:43:20 INFO  TestListener:36 - ------------------------------------Test Run Completed------------------------------------
2024-07-20 19:50:04 INFO  TestListener:31 - ------------------------------------Test Run Initiated------------------------------------
2024-07-20 19:50:04 INFO  DriverFactory:15 - ChromeDriver Path: D:\Testing\SeleniumFramework\new\src\main\resources\msedgedriver.exe
2024-07-20 19:50:08 INFO  DriverFactory:18 - ChromeDriver initialized successfully.
2024-07-20 19:50:08 INFO  RegUserTest:27 - Driver setup completed.
2024-07-20 19:50:08 INFO  TestListener:11 - Test StartedtestRegUserPage
2024-07-20 19:50:08 INFO  RegUserTest:40 - Navigating to URL: https://parabank.parasoft.com/parabank/register.htm
2024-07-20 19:50:13 INFO  RegUserTest:45 - Title matched successfully
2024-07-20 19:50:13 ERROR RegUserTest:55 - Error during test execution: Cannot invoke "org.openqa.selenium.TakesScreenshot.getScreenshotAs(org.openqa.selenium.OutputType)" because "this.driver" is null
java.lang.NullPointerException: Cannot invoke "org.openqa.selenium.TakesScreenshot.getScreenshotAs(org.openqa.selenium.OutputType)" because "this.driver" is null
	at com.selenium_framework.UtilitiesPage.takeScreenshot(UtilitiesPage.java:66) ~[classes/:?]
	at com.selenium_framework.RegUserTest.testRegUserPage(RegUserTest.java:46) ~[test-classes/:?]
	at jdk.internal.reflect.DirectMethodHandleAccessor.invoke(DirectMethodHandleAccessor.java:103) ~[?:?]
	at java.lang.reflect.Method.invoke(Method.java:580) ~[?:?]
	at org.testng.internal.MethodInvocationHelper.invokeMethod(MethodInvocationHelper.java:133) ~[testng-7.4.0.jar:7.4.0]
	at org.testng.internal.TestInvoker.invokeMethod(TestInvoker.java:598) ~[testng-7.4.0.jar:7.4.0]
	at org.testng.internal.TestInvoker.invokeTestMethod(TestInvoker.java:173) ~[testng-7.4.0.jar:7.4.0]
	at org.testng.internal.MethodRunner.runInSequence(MethodRunner.java:46) ~[testng-7.4.0.jar:7.4.0]
	at org.testng.internal.TestInvoker$MethodInvocationAgent.invoke(TestInvoker.java:824) ~[testng-7.4.0.jar:7.4.0]
	at org.testng.internal.TestInvoker.invokeTestMethods(TestInvoker.java:146) ~[testng-7.4.0.jar:7.4.0]
	at org.testng.internal.TestMethodWorker.invokeTestMethods(TestMethodWorker.java:146) ~[testng-7.4.0.jar:7.4.0]
	at org.testng.internal.TestMethodWorker.run(TestMethodWorker.java:128) ~[testng-7.4.0.jar:7.4.0]
	at java.util.ArrayList.forEach(ArrayList.java:1597) [?:?]
	at org.testng.TestRunner.privateRun(TestRunner.java:794) [testng-7.4.0.jar:7.4.0]
	at org.testng.TestRunner.run(TestRunner.java:596) [testng-7.4.0.jar:7.4.0]
	at org.testng.SuiteRunner.runTest(SuiteRunner.java:377) [testng-7.4.0.jar:7.4.0]
	at org.testng.SuiteRunner.runSequentially(SuiteRunner.java:371) [testng-7.4.0.jar:7.4.0]
	at org.testng.SuiteRunner.privateRun(SuiteRunner.java:332) [testng-7.4.0.jar:7.4.0]
	at org.testng.SuiteRunner.run(SuiteRunner.java:276) [testng-7.4.0.jar:7.4.0]
	at org.testng.SuiteRunnerWorker.runSuite(SuiteRunnerWorker.java:53) [testng-7.4.0.jar:7.4.0]
	at org.testng.SuiteRunnerWorker.run(SuiteRunnerWorker.java:96) [testng-7.4.0.jar:7.4.0]
	at org.testng.TestNG.runSuitesSequentially(TestNG.java:1212) [testng-7.4.0.jar:7.4.0]
	at org.testng.TestNG.runSuitesLocally(TestNG.java:1134) [testng-7.4.0.jar:7.4.0]
	at org.testng.TestNG.runSuites(TestNG.java:1063) [testng-7.4.0.jar:7.4.0]
	at org.testng.TestNG.run(TestNG.java:1031) [testng-7.4.0.jar:7.4.0]
	at com.microsoft.java.test.runner.testng.TestNGRunner.run(TestNGRunner.java:45) [com.microsoft.java.test.runner-jar-with-dependencies.jar:?]
	at com.microsoft.java.test.runner.testng.TestNGLauncher.execute(TestNGLauncher.java:32) [com.microsoft.java.test.runner-jar-with-dependencies.jar:?]
	at com.microsoft.java.test.runner.Launcher.main(Launcher.java:57) [com.microsoft.java.test.runner-jar-with-dependencies.jar:?]
2024-07-20 19:50:13 INFO  TestListener:16 - Test passed: testRegUserPage
2024-07-20 19:50:13 INFO  TestListener:36 - ------------------------------------Test Run Completed------------------------------------
2024-07-20 20:09:38 ERROR DriverFactory:20 - Error initializing ChromeDriver: Cannot invoke "com.selenium_framework.UtilitiesPage.getPropertyFileValue(String)" because "com.selenium_framework.DriverFactory.utility" is null
java.lang.NullPointerException: Cannot invoke "com.selenium_framework.UtilitiesPage.getPropertyFileValue(String)" because "com.selenium_framework.DriverFactory.utility" is null
	at com.selenium_framework.DriverFactory.getDriver(DriverFactory.java:14) ~[classes/:?]
	at com.selenium_framework.BasePage.<init>(BasePage.java:20) ~[classes/:?]
	at com.selenium_framework.UtilitiesPage.<init>(UtilitiesPage.java:24) ~[classes/:?]
	at com.selenium_framework.DriverFactory.<clinit>(DriverFactory.java:9) ~[classes/:?]
	at com.selenium_framework.BasePage.<init>(BasePage.java:20) ~[classes/:?]
	at com.selenium_framework.RegisterUserPage.<init>(RegisterUserPage.java:25) ~[classes/:?]
	at com.selenium_framework.RegUserTest.<init>(RegUserTest.java:16) ~[test-classes/:?]
	at jdk.internal.reflect.DirectConstructorHandleAccessor.newInstance(DirectConstructorHandleAccessor.java:62) [?:?]
	at java.lang.reflect.Constructor.newInstanceWithCaller(Constructor.java:502) [?:?]
	at java.lang.reflect.Constructor.newInstance(Constructor.java:486) [?:?]
	at org.testng.internal.ObjectFactoryImpl.newInstance(ObjectFactoryImpl.java:23) [testng-7.4.0.jar:7.4.0]
	at org.testng.internal.InstanceCreator.instantiateUsingDefaultConstructor(InstanceCreator.java:193) [testng-7.4.0.jar:7.4.0]
	at org.testng.internal.InstanceCreator.createInstanceUsingObjectFactory(InstanceCreator.java:113) [testng-7.4.0.jar:7.4.0]
	at org.testng.internal.InstanceCreator.createInstance(InstanceCreator.java:79) [testng-7.4.0.jar:7.4.0]
	at org.testng.internal.objects.SimpleObjectDispenser.dispense(SimpleObjectDispenser.java:25) [testng-7.4.0.jar:7.4.0]
	at org.testng.internal.objects.GuiceBasedObjectDispenser.dispense(GuiceBasedObjectDispenser.java:30) [testng-7.4.0.jar:7.4.0]
	at org.testng.internal.ClassImpl.getDefaultInstance(ClassImpl.java:112) [testng-7.4.0.jar:7.4.0]
	at org.testng.internal.ClassImpl.getInstances(ClassImpl.java:165) [testng-7.4.0.jar:7.4.0]
	at org.testng.TestClass.getInstances(TestClass.java:122) [testng-7.4.0.jar:7.4.0]
	at org.testng.TestClass.initTestClassesAndInstances(TestClass.java:102) [testng-7.4.0.jar:7.4.0]
	at org.testng.TestClass.init(TestClass.java:94) [testng-7.4.0.jar:7.4.0]
	at org.testng.TestClass.<init>(TestClass.java:59) [testng-7.4.0.jar:7.4.0]
	at org.testng.TestRunner.initMethods(TestRunner.java:463) [testng-7.4.0.jar:7.4.0]
	at org.testng.TestRunner.init(TestRunner.java:339) [testng-7.4.0.jar:7.4.0]
	at org.testng.TestRunner.init(TestRunner.java:292) [testng-7.4.0.jar:7.4.0]
	at org.testng.TestRunner.<init>(TestRunner.java:183) [testng-7.4.0.jar:7.4.0]
	at org.testng.SuiteRunner$DefaultTestRunnerFactory.newTestRunner(SuiteRunner.java:596) [testng-7.4.0.jar:7.4.0]
	at org.testng.SuiteRunner.init(SuiteRunner.java:173) [testng-7.4.0.jar:7.4.0]
	at org.testng.SuiteRunner.<init>(SuiteRunner.java:107) [testng-7.4.0.jar:7.4.0]
	at org.testng.TestNG.createSuiteRunner(TestNG.java:1300) [testng-7.4.0.jar:7.4.0]
	at org.testng.TestNG.createSuiteRunners(TestNG.java:1276) [testng-7.4.0.jar:7.4.0]
	at org.testng.TestNG.runSuitesLocally(TestNG.java:1125) [testng-7.4.0.jar:7.4.0]
	at org.testng.TestNG.runSuites(TestNG.java:1063) [testng-7.4.0.jar:7.4.0]
	at org.testng.TestNG.run(TestNG.java:1031) [testng-7.4.0.jar:7.4.0]
	at com.microsoft.java.test.runner.testng.TestNGRunner.run(TestNGRunner.java:45) [com.microsoft.java.test.runner-jar-with-dependencies.jar:?]
	at com.microsoft.java.test.runner.testng.TestNGLauncher.execute(TestNGLauncher.java:32) [com.microsoft.java.test.runner-jar-with-dependencies.jar:?]
	at com.microsoft.java.test.runner.Launcher.main(Launcher.java:57) [com.microsoft.java.test.runner-jar-with-dependencies.jar:?]
2024-07-20 20:09:38 INFO  DriverFactory:15 - ChromeDriver Path: D:\Testing\SeleniumFramework\new\src\main\resources\msedgedriver.exe
2024-07-20 20:09:43 INFO  DriverFactory:18 - ChromeDriver initialized successfully.
2024-07-20 20:09:43 INFO  TestListener:31 - ------------------------------------Test Run Initiated------------------------------------
2024-07-20 20:09:43 INFO  RegUserTest:27 - Driver setup completed.
2024-07-20 20:09:43 INFO  TestListener:11 - Test StartedtestRegUserPage
2024-07-20 20:09:43 INFO  RegUserTest:40 - Navigating to URL: https://parabank.parasoft.com/parabank/register.htm
2024-07-20 20:09:45 INFO  RegUserTest:45 - Title matched successfully
2024-07-20 20:09:46 INFO  RegUserTest:47 - Screenshot taken successfully
2024-07-20 20:09:46 INFO  TestListener:16 - Test passed: testRegUserPage
2024-07-20 20:09:46 INFO  TestListener:36 - ------------------------------------Test Run Completed------------------------------------
2024-07-20 20:10:25 ERROR DriverFactory:20 - Error initializing ChromeDriver: Cannot invoke "com.selenium_framework.UtilitiesPage.getPropertyFileValue(String)" because "com.selenium_framework.DriverFactory.utility" is null
java.lang.NullPointerException: Cannot invoke "com.selenium_framework.UtilitiesPage.getPropertyFileValue(String)" because "com.selenium_framework.DriverFactory.utility" is null
	at com.selenium_framework.DriverFactory.getDriver(DriverFactory.java:14) ~[classes/:?]
	at com.selenium_framework.BasePage.<init>(BasePage.java:20) ~[classes/:?]
	at com.selenium_framework.UtilitiesPage.<init>(UtilitiesPage.java:24) ~[classes/:?]
	at com.selenium_framework.DriverFactory.<clinit>(DriverFactory.java:9) ~[classes/:?]
	at com.selenium_framework.BasePage.<init>(BasePage.java:20) ~[classes/:?]
	at com.selenium_framework.RegisterUserPage.<init>(RegisterUserPage.java:25) ~[classes/:?]
	at com.selenium_framework.RegUserTest.<init>(RegUserTest.java:16) ~[test-classes/:?]
	at jdk.internal.reflect.DirectConstructorHandleAccessor.newInstance(DirectConstructorHandleAccessor.java:62) [?:?]
	at java.lang.reflect.Constructor.newInstanceWithCaller(Constructor.java:502) [?:?]
	at java.lang.reflect.Constructor.newInstance(Constructor.java:486) [?:?]
	at org.testng.internal.ObjectFactoryImpl.newInstance(ObjectFactoryImpl.java:23) [testng-7.4.0.jar:7.4.0]
	at org.testng.internal.InstanceCreator.instantiateUsingDefaultConstructor(InstanceCreator.java:193) [testng-7.4.0.jar:7.4.0]
	at org.testng.internal.InstanceCreator.createInstanceUsingObjectFactory(InstanceCreator.java:113) [testng-7.4.0.jar:7.4.0]
	at org.testng.internal.InstanceCreator.createInstance(InstanceCreator.java:79) [testng-7.4.0.jar:7.4.0]
	at org.testng.internal.objects.SimpleObjectDispenser.dispense(SimpleObjectDispenser.java:25) [testng-7.4.0.jar:7.4.0]
	at org.testng.internal.objects.GuiceBasedObjectDispenser.dispense(GuiceBasedObjectDispenser.java:30) [testng-7.4.0.jar:7.4.0]
	at org.testng.internal.ClassImpl.getDefaultInstance(ClassImpl.java:112) [testng-7.4.0.jar:7.4.0]
	at org.testng.internal.ClassImpl.getInstances(ClassImpl.java:165) [testng-7.4.0.jar:7.4.0]
	at org.testng.TestClass.getInstances(TestClass.java:122) [testng-7.4.0.jar:7.4.0]
	at org.testng.TestClass.initTestClassesAndInstances(TestClass.java:102) [testng-7.4.0.jar:7.4.0]
	at org.testng.TestClass.init(TestClass.java:94) [testng-7.4.0.jar:7.4.0]
	at org.testng.TestClass.<init>(TestClass.java:59) [testng-7.4.0.jar:7.4.0]
	at org.testng.TestRunner.initMethods(TestRunner.java:463) [testng-7.4.0.jar:7.4.0]
	at org.testng.TestRunner.init(TestRunner.java:339) [testng-7.4.0.jar:7.4.0]
	at org.testng.TestRunner.init(TestRunner.java:292) [testng-7.4.0.jar:7.4.0]
	at org.testng.TestRunner.<init>(TestRunner.java:183) [testng-7.4.0.jar:7.4.0]
	at org.testng.SuiteRunner$DefaultTestRunnerFactory.newTestRunner(SuiteRunner.java:596) [testng-7.4.0.jar:7.4.0]
	at org.testng.SuiteRunner.init(SuiteRunner.java:173) [testng-7.4.0.jar:7.4.0]
	at org.testng.SuiteRunner.<init>(SuiteRunner.java:107) [testng-7.4.0.jar:7.4.0]
	at org.testng.TestNG.createSuiteRunner(TestNG.java:1300) [testng-7.4.0.jar:7.4.0]
	at org.testng.TestNG.createSuiteRunners(TestNG.java:1276) [testng-7.4.0.jar:7.4.0]
	at org.testng.TestNG.runSuitesLocally(TestNG.java:1125) [testng-7.4.0.jar:7.4.0]
	at org.testng.TestNG.runSuites(TestNG.java:1063) [testng-7.4.0.jar:7.4.0]
	at org.testng.TestNG.run(TestNG.java:1031) [testng-7.4.0.jar:7.4.0]
	at com.microsoft.java.test.runner.testng.TestNGRunner.run(TestNGRunner.java:45) [com.microsoft.java.test.runner-jar-with-dependencies.jar:?]
	at com.microsoft.java.test.runner.testng.TestNGLauncher.execute(TestNGLauncher.java:32) [com.microsoft.java.test.runner-jar-with-dependencies.jar:?]
	at com.microsoft.java.test.runner.Launcher.main(Launcher.java:57) [com.microsoft.java.test.runner-jar-with-dependencies.jar:?]
2024-07-20 20:10:25 INFO  DriverFactory:15 - ChromeDriver Path: D:\Testing\SeleniumFramework\new\src\main\resources\msedgedriver.exe
2024-07-20 20:10:30 INFO  DriverFactory:18 - ChromeDriver initialized successfully.
2024-07-20 20:10:30 INFO  TestListener:31 - ------------------------------------Test Run Initiated------------------------------------
2024-07-20 20:10:30 INFO  RegUserTest:27 - Driver setup completed.
2024-07-20 20:10:30 INFO  TestListener:11 - Test StartedtestRegUserPage
2024-07-20 20:10:30 INFO  RegUserTest:40 - Navigating to URL: https://parabank.parasoft.com/parabank/register.htm
2024-07-20 20:10:34 INFO  RegUserTest:45 - Title matched successfully
2024-07-20 20:10:34 INFO  RegUserTest:47 - Screenshot taken successfully
2024-07-20 20:10:34 INFO  TestListener:16 - Test passed: testRegUserPage
2024-07-20 20:10:34 INFO  RegUserTest:73 - Closing the browser
2024-07-20 20:10:36 INFO  TestListener:36 - ------------------------------------Test Run Completed------------------------------------
2024-08-02 21:57:15 ERROR DriverFactory:20 - Error initializing ChromeDriver: Cannot invoke "com.selenium_framework.UtilitiesPage.getPropertyFileValue(String)" because "com.selenium_framework.DriverFactory.utility" is null
java.lang.NullPointerException: Cannot invoke "com.selenium_framework.UtilitiesPage.getPropertyFileValue(String)" because "com.selenium_framework.DriverFactory.utility" is null
	at com.selenium_framework.DriverFactory.getDriver(DriverFactory.java:14) ~[classes/:?]
	at com.selenium_framework.BasePage.<init>(BasePage.java:20) ~[classes/:?]
	at com.selenium_framework.UtilitiesPage.<init>(UtilitiesPage.java:24) ~[classes/:?]
	at com.selenium_framework.DriverFactory.<clinit>(DriverFactory.java:9) ~[classes/:?]
	at com.selenium_framework.BasePage.<init>(BasePage.java:20) ~[classes/:?]
	at com.selenium_framework.RegisterUserPage.<init>(RegisterUserPage.java:25) ~[classes/:?]
	at com.selenium_framework.RegUserTest.<init>(RegUserTest.java:16) ~[test-classes/:?]
	at jdk.internal.reflect.DirectConstructorHandleAccessor.newInstance(DirectConstructorHandleAccessor.java:62) [?:?]
	at java.lang.reflect.Constructor.newInstanceWithCaller(Constructor.java:502) [?:?]
	at java.lang.reflect.Constructor.newInstance(Constructor.java:486) [?:?]
	at org.testng.internal.ObjectFactoryImpl.newInstance(ObjectFactoryImpl.java:23) [testng-7.4.0.jar:7.4.0]
	at org.testng.internal.InstanceCreator.instantiateUsingDefaultConstructor(InstanceCreator.java:193) [testng-7.4.0.jar:7.4.0]
	at org.testng.internal.InstanceCreator.createInstanceUsingObjectFactory(InstanceCreator.java:113) [testng-7.4.0.jar:7.4.0]
	at org.testng.internal.InstanceCreator.createInstance(InstanceCreator.java:79) [testng-7.4.0.jar:7.4.0]
	at org.testng.internal.objects.SimpleObjectDispenser.dispense(SimpleObjectDispenser.java:25) [testng-7.4.0.jar:7.4.0]
	at org.testng.internal.objects.GuiceBasedObjectDispenser.dispense(GuiceBasedObjectDispenser.java:30) [testng-7.4.0.jar:7.4.0]
	at org.testng.internal.ClassImpl.getDefaultInstance(ClassImpl.java:112) [testng-7.4.0.jar:7.4.0]
	at org.testng.internal.ClassImpl.getInstances(ClassImpl.java:165) [testng-7.4.0.jar:7.4.0]
	at org.testng.TestClass.getInstances(TestClass.java:122) [testng-7.4.0.jar:7.4.0]
	at org.testng.TestClass.initTestClassesAndInstances(TestClass.java:102) [testng-7.4.0.jar:7.4.0]
	at org.testng.TestClass.init(TestClass.java:94) [testng-7.4.0.jar:7.4.0]
	at org.testng.TestClass.<init>(TestClass.java:59) [testng-7.4.0.jar:7.4.0]
	at org.testng.TestRunner.initMethods(TestRunner.java:463) [testng-7.4.0.jar:7.4.0]
	at org.testng.TestRunner.init(TestRunner.java:339) [testng-7.4.0.jar:7.4.0]
	at org.testng.TestRunner.init(TestRunner.java:292) [testng-7.4.0.jar:7.4.0]
	at org.testng.TestRunner.<init>(TestRunner.java:183) [testng-7.4.0.jar:7.4.0]
	at org.testng.SuiteRunner$DefaultTestRunnerFactory.newTestRunner(SuiteRunner.java:596) [testng-7.4.0.jar:7.4.0]
	at org.testng.SuiteRunner.init(SuiteRunner.java:173) [testng-7.4.0.jar:7.4.0]
	at org.testng.SuiteRunner.<init>(SuiteRunner.java:107) [testng-7.4.0.jar:7.4.0]
	at org.testng.TestNG.createSuiteRunner(TestNG.java:1300) [testng-7.4.0.jar:7.4.0]
	at org.testng.TestNG.createSuiteRunners(TestNG.java:1276) [testng-7.4.0.jar:7.4.0]
	at org.testng.TestNG.runSuitesLocally(TestNG.java:1125) [testng-7.4.0.jar:7.4.0]
	at org.testng.TestNG.runSuites(TestNG.java:1063) [testng-7.4.0.jar:7.4.0]
	at org.testng.TestNG.run(TestNG.java:1031) [testng-7.4.0.jar:7.4.0]
	at com.microsoft.java.test.runner.testng.TestNGRunner.run(TestNGRunner.java:45) [com.microsoft.java.test.runner-jar-with-dependencies.jar:?]
	at com.microsoft.java.test.runner.testng.TestNGLauncher.execute(TestNGLauncher.java:32) [com.microsoft.java.test.runner-jar-with-dependencies.jar:?]
	at com.microsoft.java.test.runner.Launcher.main(Launcher.java:57) [com.microsoft.java.test.runner-jar-with-dependencies.jar:?]
2024-08-02 21:57:15 INFO  DriverFactory:15 - ChromeDriver Path: D:\Testing\SeleniumFramework\new\src\main\resources\msedgedriver.exe
2024-08-02 21:57:23 INFO  DriverFactory:18 - ChromeDriver initialized successfully.
2024-08-02 21:57:23 INFO  TestListener:31 - ------------------------------------Test Run Initiated------------------------------------
2024-08-02 21:57:23 INFO  RegUserTest:27 - Driver setup completed.
2024-08-02 21:57:23 INFO  TestListener:11 - Test StartedtestRegUserPage
2024-08-02 21:57:24 INFO  RegUserTest:40 - Navigating to URL: https://parabank.parasoft.com/parabank/register.htm
2024-08-02 21:57:28 INFO  RegUserTest:45 - Title matched successfully
2024-08-02 21:57:28 INFO  RegUserTest:47 - Screenshot taken successfully
2024-08-02 21:57:28 INFO  TestListener:16 - Test passed: testRegUserPage
2024-08-02 21:57:28 INFO  RegUserTest:73 - Closing the browser
2024-08-02 21:57:29 INFO  TestListener:36 - ------------------------------------Test Run Completed------------------------------------
2024-08-11 19:25:45 ERROR DriverFactory:20 - Error initializing ChromeDriver: Cannot invoke "com.selenium_framework.UtilitiesPage.getPropertyFileValue(String)" because "com.selenium_framework.DriverFactory.utility" is null
java.lang.NullPointerException: Cannot invoke "com.selenium_framework.UtilitiesPage.getPropertyFileValue(String)" because "com.selenium_framework.DriverFactory.utility" is null
	at com.selenium_framework.DriverFactory.getDriver(DriverFactory.java:14) ~[classes/:?]
	at com.selenium_framework.BasePage.<init>(BasePage.java:20) ~[classes/:?]
	at com.selenium_framework.UtilitiesPage.<init>(UtilitiesPage.java:24) ~[classes/:?]
	at com.selenium_framework.DriverFactory.<clinit>(DriverFactory.java:9) ~[classes/:?]
	at com.selenium_framework.BasePage.<init>(BasePage.java:20) ~[classes/:?]
	at com.selenium_framework.RegisterUserPage.<init>(RegisterUserPage.java:25) ~[classes/:?]
	at com.selenium_framework.RegUserTest.<init>(RegUserTest.java:16) ~[test-classes/:?]
	at jdk.internal.reflect.DirectConstructorHandleAccessor.newInstance(DirectConstructorHandleAccessor.java:62) [?:?]
	at java.lang.reflect.Constructor.newInstanceWithCaller(Constructor.java:502) [?:?]
	at java.lang.reflect.Constructor.newInstance(Constructor.java:486) [?:?]
	at org.testng.internal.ObjectFactoryImpl.newInstance(ObjectFactoryImpl.java:23) [testng-7.4.0.jar:7.4.0]
	at org.testng.internal.InstanceCreator.instantiateUsingDefaultConstructor(InstanceCreator.java:193) [testng-7.4.0.jar:7.4.0]
	at org.testng.internal.InstanceCreator.createInstanceUsingObjectFactory(InstanceCreator.java:113) [testng-7.4.0.jar:7.4.0]
	at org.testng.internal.InstanceCreator.createInstance(InstanceCreator.java:79) [testng-7.4.0.jar:7.4.0]
	at org.testng.internal.objects.SimpleObjectDispenser.dispense(SimpleObjectDispenser.java:25) [testng-7.4.0.jar:7.4.0]
	at org.testng.internal.objects.GuiceBasedObjectDispenser.dispense(GuiceBasedObjectDispenser.java:30) [testng-7.4.0.jar:7.4.0]
	at org.testng.internal.ClassImpl.getDefaultInstance(ClassImpl.java:112) [testng-7.4.0.jar:7.4.0]
	at org.testng.internal.ClassImpl.getInstances(ClassImpl.java:165) [testng-7.4.0.jar:7.4.0]
	at org.testng.TestClass.getInstances(TestClass.java:122) [testng-7.4.0.jar:7.4.0]
	at org.testng.TestClass.initTestClassesAndInstances(TestClass.java:102) [testng-7.4.0.jar:7.4.0]
	at org.testng.TestClass.init(TestClass.java:94) [testng-7.4.0.jar:7.4.0]
	at org.testng.TestClass.<init>(TestClass.java:59) [testng-7.4.0.jar:7.4.0]
	at org.testng.TestRunner.initMethods(TestRunner.java:463) [testng-7.4.0.jar:7.4.0]
	at org.testng.TestRunner.init(TestRunner.java:339) [testng-7.4.0.jar:7.4.0]
	at org.testng.TestRunner.init(TestRunner.java:292) [testng-7.4.0.jar:7.4.0]
	at org.testng.TestRunner.<init>(TestRunner.java:183) [testng-7.4.0.jar:7.4.0]
	at org.testng.SuiteRunner$DefaultTestRunnerFactory.newTestRunner(SuiteRunner.java:596) [testng-7.4.0.jar:7.4.0]
	at org.testng.SuiteRunner.init(SuiteRunner.java:173) [testng-7.4.0.jar:7.4.0]
	at org.testng.SuiteRunner.<init>(SuiteRunner.java:107) [testng-7.4.0.jar:7.4.0]
	at org.testng.TestNG.createSuiteRunner(TestNG.java:1300) [testng-7.4.0.jar:7.4.0]
	at org.testng.TestNG.createSuiteRunners(TestNG.java:1276) [testng-7.4.0.jar:7.4.0]
	at org.testng.TestNG.runSuitesLocally(TestNG.java:1125) [testng-7.4.0.jar:7.4.0]
	at org.testng.TestNG.runSuites(TestNG.java:1063) [testng-7.4.0.jar:7.4.0]
	at org.testng.TestNG.run(TestNG.java:1031) [testng-7.4.0.jar:7.4.0]
	at com.microsoft.java.test.runner.testng.TestNGRunner.run(TestNGRunner.java:45) [com.microsoft.java.test.runner-jar-with-dependencies.jar:?]
	at com.microsoft.java.test.runner.testng.TestNGLauncher.execute(TestNGLauncher.java:32) [com.microsoft.java.test.runner-jar-with-dependencies.jar:?]
	at com.microsoft.java.test.runner.Launcher.main(Launcher.java:57) [com.microsoft.java.test.runner-jar-with-dependencies.jar:?]
2024-08-11 19:25:45 INFO  DriverFactory:15 - ChromeDriver Path: D:\Testing\SeleniumFramework\new\src\main\resources\msedgedriver.exe
2024-08-11 19:25:52 INFO  DriverFactory:18 - ChromeDriver initialized successfully.
2024-08-11 19:25:53 INFO  TestListener:31 - ------------------------------------Test Run Initiated------------------------------------
2024-08-11 19:25:53 INFO  RegUserTest:27 - Driver setup completed.
2024-08-11 19:25:53 INFO  TestListener:11 - Test StartedtestRegUserPage
2024-08-11 19:25:53 INFO  RegUserTest:40 - Navigating to URL: https://parabank.parasoft.com/parabank/register.htm
2024-08-11 19:25:57 INFO  RegUserTest:45 - Title matched successfully
2024-08-11 19:25:57 INFO  RegUserTest:47 - Screenshot taken successfully
2024-08-11 19:25:57 INFO  TestListener:16 - Test passed: testRegUserPage
2024-08-11 19:25:57 INFO  RegUserTest:73 - Closing the browser
2024-08-11 19:25:59 INFO  TestListener:36 - ------------------------------------Test Run Completed------------------------------------
2024-08-12 19:08:49 ERROR DriverFactory:21 - Error initializing ChromeDriver: Cannot invoke "com.selenium_framework.UtilitiesPage.getPropertyFileValue(String)" because "com.selenium_framework.DriverFactory.utility" is null
java.lang.NullPointerException: Cannot invoke "com.selenium_framework.UtilitiesPage.getPropertyFileValue(String)" because "com.selenium_framework.DriverFactory.utility" is null
	at com.selenium_framework.DriverFactory.getDriver(DriverFactory.java:15) ~[classes/:?]
	at com.selenium_framework.BasePage.<init>(BasePage.java:20) ~[classes/:?]
	at com.selenium_framework.UtilitiesPage.<init>(UtilitiesPage.java:24) ~[classes/:?]
	at com.selenium_framework.DriverFactory.<clinit>(DriverFactory.java:10) ~[classes/:?]
	at com.selenium_framework.BasePage.<init>(BasePage.java:20) ~[classes/:?]
	at com.selenium_framework.RegisterUserPage.<init>(RegisterUserPage.java:25) ~[classes/:?]
	at com.selenium_framework.RegUserTest.<init>(RegUserTest.java:16) ~[test-classes/:?]
	at jdk.internal.reflect.DirectConstructorHandleAccessor.newInstance(DirectConstructorHandleAccessor.java:62) [?:?]
	at java.lang.reflect.Constructor.newInstanceWithCaller(Constructor.java:502) [?:?]
	at java.lang.reflect.Constructor.newInstance(Constructor.java:486) [?:?]
	at org.testng.internal.ObjectFactoryImpl.newInstance(ObjectFactoryImpl.java:23) [testng-7.4.0.jar:7.4.0]
	at org.testng.internal.InstanceCreator.instantiateUsingDefaultConstructor(InstanceCreator.java:193) [testng-7.4.0.jar:7.4.0]
	at org.testng.internal.InstanceCreator.createInstanceUsingObjectFactory(InstanceCreator.java:113) [testng-7.4.0.jar:7.4.0]
	at org.testng.internal.InstanceCreator.createInstance(InstanceCreator.java:79) [testng-7.4.0.jar:7.4.0]
	at org.testng.internal.objects.SimpleObjectDispenser.dispense(SimpleObjectDispenser.java:25) [testng-7.4.0.jar:7.4.0]
	at org.testng.internal.objects.GuiceBasedObjectDispenser.dispense(GuiceBasedObjectDispenser.java:30) [testng-7.4.0.jar:7.4.0]
	at org.testng.internal.ClassImpl.getDefaultInstance(ClassImpl.java:112) [testng-7.4.0.jar:7.4.0]
	at org.testng.internal.ClassImpl.getInstances(ClassImpl.java:165) [testng-7.4.0.jar:7.4.0]
	at org.testng.TestClass.getInstances(TestClass.java:122) [testng-7.4.0.jar:7.4.0]
	at org.testng.TestClass.initTestClassesAndInstances(TestClass.java:102) [testng-7.4.0.jar:7.4.0]
	at org.testng.TestClass.init(TestClass.java:94) [testng-7.4.0.jar:7.4.0]
	at org.testng.TestClass.<init>(TestClass.java:59) [testng-7.4.0.jar:7.4.0]
	at org.testng.TestRunner.initMethods(TestRunner.java:463) [testng-7.4.0.jar:7.4.0]
	at org.testng.TestRunner.init(TestRunner.java:339) [testng-7.4.0.jar:7.4.0]
	at org.testng.TestRunner.init(TestRunner.java:292) [testng-7.4.0.jar:7.4.0]
	at org.testng.TestRunner.<init>(TestRunner.java:183) [testng-7.4.0.jar:7.4.0]
	at org.testng.SuiteRunner$DefaultTestRunnerFactory.newTestRunner(SuiteRunner.java:596) [testng-7.4.0.jar:7.4.0]
	at org.testng.SuiteRunner.init(SuiteRunner.java:173) [testng-7.4.0.jar:7.4.0]
	at org.testng.SuiteRunner.<init>(SuiteRunner.java:107) [testng-7.4.0.jar:7.4.0]
	at org.testng.TestNG.createSuiteRunner(TestNG.java:1300) [testng-7.4.0.jar:7.4.0]
	at org.testng.TestNG.createSuiteRunners(TestNG.java:1276) [testng-7.4.0.jar:7.4.0]
	at org.testng.TestNG.runSuitesLocally(TestNG.java:1125) [testng-7.4.0.jar:7.4.0]
	at org.testng.TestNG.runSuites(TestNG.java:1063) [testng-7.4.0.jar:7.4.0]
	at org.testng.TestNG.run(TestNG.java:1031) [testng-7.4.0.jar:7.4.0]
	at com.microsoft.java.test.runner.testng.TestNGRunner.run(TestNGRunner.java:45) [com.microsoft.java.test.runner-jar-with-dependencies.jar:?]
	at com.microsoft.java.test.runner.testng.TestNGLauncher.execute(TestNGLauncher.java:32) [com.microsoft.java.test.runner-jar-with-dependencies.jar:?]
	at com.microsoft.java.test.runner.Launcher.main(Launcher.java:57) [com.microsoft.java.test.runner-jar-with-dependencies.jar:?]
2024-08-12 19:08:49 INFO  DriverFactory:16 - ChromeDriver Path: D:\Testing\SeleniumFramework\new\src\main\resources\msedgedriver.exe
2024-08-12 19:08:58 INFO  DriverFactory:19 - ChromeDriver initialized successfully.
2024-08-12 19:08:58 INFO  TestListener:31 - ------------------------------------Test Run Initiated------------------------------------
2024-08-12 19:08:58 INFO  RegUserTest:27 - Driver setup completed.
2024-08-12 19:08:58 INFO  TestListener:11 - Test StartedtestRegUserPage
2024-08-12 19:08:58 INFO  RegUserTest:40 - Navigating to URL: https://parabank.parasoft.com/parabank/register.htm
2024-08-12 19:09:04 INFO  RegUserTest:45 - Title matched successfully
2024-08-12 19:09:04 INFO  RegUserTest:47 - Screenshot taken successfully
2024-08-12 19:09:04 INFO  TestListener:16 - Test passed: testRegUserPage
2024-08-12 19:09:04 INFO  RegUserTest:73 - Closing the browser
2024-08-12 19:09:05 INFO  TestListener:36 - ------------------------------------Test Run Completed------------------------------------
2024-08-12 20:19:09 ERROR DriverFactory:21 - Error initializing ChromeDriver: Cannot invoke "com.selenium_framework.UtilitiesPage.getPropertyFileValue(String)" because "com.selenium_framework.DriverFactory.utility" is null
java.lang.NullPointerException: Cannot invoke "com.selenium_framework.UtilitiesPage.getPropertyFileValue(String)" because "com.selenium_framework.DriverFactory.utility" is null
	at com.selenium_framework.DriverFactory.getDriver(DriverFactory.java:15) ~[classes/:?]
	at com.selenium_framework.BasePage.<init>(BasePage.java:20) ~[classes/:?]
	at com.selenium_framework.UtilitiesPage.<init>(UtilitiesPage.java:24) ~[classes/:?]
	at com.selenium_framework.DriverFactory.<clinit>(DriverFactory.java:10) ~[classes/:?]
	at com.selenium_framework.BasePage.<init>(BasePage.java:20) ~[classes/:?]
	at com.selenium_framework.RegisterUserPage.<init>(RegisterUserPage.java:25) ~[classes/:?]
	at com.selenium_framework.RegUserTest.<init>(RegUserTest.java:16) ~[test-classes/:?]
	at jdk.internal.reflect.DirectConstructorHandleAccessor.newInstance(DirectConstructorHandleAccessor.java:62) [?:?]
	at java.lang.reflect.Constructor.newInstanceWithCaller(Constructor.java:502) [?:?]
	at java.lang.reflect.Constructor.newInstance(Constructor.java:486) [?:?]
	at org.testng.internal.ObjectFactoryImpl.newInstance(ObjectFactoryImpl.java:23) [testng-7.4.0.jar:7.4.0]
	at org.testng.internal.InstanceCreator.instantiateUsingDefaultConstructor(InstanceCreator.java:193) [testng-7.4.0.jar:7.4.0]
	at org.testng.internal.InstanceCreator.createInstanceUsingObjectFactory(InstanceCreator.java:113) [testng-7.4.0.jar:7.4.0]
	at org.testng.internal.InstanceCreator.createInstance(InstanceCreator.java:79) [testng-7.4.0.jar:7.4.0]
	at org.testng.internal.objects.SimpleObjectDispenser.dispense(SimpleObjectDispenser.java:25) [testng-7.4.0.jar:7.4.0]
	at org.testng.internal.objects.GuiceBasedObjectDispenser.dispense(GuiceBasedObjectDispenser.java:30) [testng-7.4.0.jar:7.4.0]
	at org.testng.internal.ClassImpl.getDefaultInstance(ClassImpl.java:112) [testng-7.4.0.jar:7.4.0]
	at org.testng.internal.ClassImpl.getInstances(ClassImpl.java:165) [testng-7.4.0.jar:7.4.0]
	at org.testng.TestClass.getInstances(TestClass.java:122) [testng-7.4.0.jar:7.4.0]
	at org.testng.TestClass.initTestClassesAndInstances(TestClass.java:102) [testng-7.4.0.jar:7.4.0]
	at org.testng.TestClass.init(TestClass.java:94) [testng-7.4.0.jar:7.4.0]
	at org.testng.TestClass.<init>(TestClass.java:59) [testng-7.4.0.jar:7.4.0]
	at org.testng.TestRunner.initMethods(TestRunner.java:463) [testng-7.4.0.jar:7.4.0]
	at org.testng.TestRunner.init(TestRunner.java:339) [testng-7.4.0.jar:7.4.0]
	at org.testng.TestRunner.init(TestRunner.java:292) [testng-7.4.0.jar:7.4.0]
	at org.testng.TestRunner.<init>(TestRunner.java:183) [testng-7.4.0.jar:7.4.0]
	at org.testng.SuiteRunner$DefaultTestRunnerFactory.newTestRunner(SuiteRunner.java:596) [testng-7.4.0.jar:7.4.0]
	at org.testng.SuiteRunner.init(SuiteRunner.java:173) [testng-7.4.0.jar:7.4.0]
	at org.testng.SuiteRunner.<init>(SuiteRunner.java:107) [testng-7.4.0.jar:7.4.0]
	at org.testng.TestNG.createSuiteRunner(TestNG.java:1300) [testng-7.4.0.jar:7.4.0]
	at org.testng.TestNG.createSuiteRunners(TestNG.java:1276) [testng-7.4.0.jar:7.4.0]
	at org.testng.TestNG.runSuitesLocally(TestNG.java:1125) [testng-7.4.0.jar:7.4.0]
	at org.testng.TestNG.runSuites(TestNG.java:1063) [testng-7.4.0.jar:7.4.0]
	at org.testng.TestNG.run(TestNG.java:1031) [testng-7.4.0.jar:7.4.0]
	at com.microsoft.java.test.runner.testng.TestNGRunner.run(TestNGRunner.java:45) [com.microsoft.java.test.runner-jar-with-dependencies.jar:?]
	at com.microsoft.java.test.runner.testng.TestNGLauncher.execute(TestNGLauncher.java:32) [com.microsoft.java.test.runner-jar-with-dependencies.jar:?]
	at com.microsoft.java.test.runner.Launcher.main(Launcher.java:57) [com.microsoft.java.test.runner-jar-with-dependencies.jar:?]
2024-08-12 20:19:10 INFO  DriverFactory:16 - ChromeDriver Path: D:\Testing\SeleniumFramework\new\src\main\resources\msedgedriver.exe
2024-08-12 20:19:13 INFO  DriverFactory:19 - ChromeDriver initialized successfully.
2024-08-12 20:19:13 INFO  TestListener:31 - ------------------------------------Test Run Initiated------------------------------------
2024-08-12 20:19:13 INFO  RegUserTest:27 - Driver setup completed.
2024-08-12 20:19:13 INFO  TestListener:11 - Test StartedtestRegUserPage
2024-08-12 20:19:13 INFO  RegUserTest:40 - Navigating to URL: https://parabank.parasoft.com/parabank/register.htm
2024-08-12 20:19:18 INFO  RegUserTest:45 - Title matched successfully
2024-08-12 20:19:18 INFO  RegUserTest:47 - Screenshot taken successfully
2024-08-12 20:19:18 INFO  TestListener:16 - Test passed: testRegUserPage
2024-08-12 20:19:18 INFO  RegUserTest:73 - Closing the browser
2024-08-12 20:19:18 INFO  TestListener:36 - ------------------------------------Test Run Completed------------------------------------
